{"/Users/ryanlaubscher/Projects/ChipIn/src/app/api/internal/payments/reconcile/route.ts": {"path":"/Users/ryanlaubscher/Projects/ChipIn/src/app/api/internal/payments/reconcile/route.ts","statementMap":{"0":{"start":{"line":17,"column":21},"end":{"line":22,"column":null}},"1":{"start":{"line":18,"column":17},"end":{"line":18,"column":null}},"2":{"start":{"line":19,"column":2},"end":{"line":19,"column":null}},"3":{"start":{"line":19,"column":15},"end":{"line":19,"column":null}},"4":{"start":{"line":20,"column":21},"end":{"line":20,"column":null}},"5":{"start":{"line":21,"column":2},"end":{"line":21,"column":null}},"6":{"start":{"line":25,"column":20},"end":{"line":25,"column":null}},"7":{"start":{"line":26,"column":2},"end":{"line":29,"column":null}},"8":{"start":{"line":27,"column":4},"end":{"line":27,"column":null}},"9":{"start":{"line":28,"column":4},"end":{"line":28,"column":null}},"10":{"start":{"line":31,"column":2},"end":{"line":33,"column":null}},"11":{"start":{"line":32,"column":4},"end":{"line":32,"column":null}},"12":{"start":{"line":35,"column":14},"end":{"line":35,"column":null}},"13":{"start":{"line":36,"column":32},"end":{"line":36,"column":null}},"14":{"start":{"line":37,"column":18},"end":{"line":37,"column":null}},"15":{"start":{"line":38,"column":24},"end":{"line":43,"column":null}},"16":{"start":{"line":45,"column":8},"end":{"line":45,"column":null}},"17":{"start":{"line":46,"column":6},"end":{"line":46,"column":null}},"18":{"start":{"line":48,"column":2},"end":{"line":74,"column":null}},"19":{"start":{"line":49,"column":28},"end":{"line":53,"column":null}},"20":{"start":{"line":54,"column":4},"end":{"line":62,"column":null}},"21":{"start":{"line":55,"column":6},"end":{"line":55,"column":null}},"22":{"start":{"line":56,"column":6},"end":{"line":61,"column":null}},"23":{"start":{"line":64,"column":4},"end":{"line":73,"column":null}},"24":{"start":{"line":76,"column":21},"end":{"line":76,"column":null}},"25":{"start":{"line":77,"column":2},"end":{"line":77,"column":null}},"26":{"start":{"line":79,"column":2},"end":{"line":87,"column":null}}},"fnMap":{"0":{"name":"(anonymous_0)","decl":{"start":{"line":17,"column":21},"end":{"line":17,"column":22}},"loc":{"start":{"line":17,"column":47},"end":{"line":22,"column":null}},"line":17},"1":{"name":"POST","decl":{"start":{"line":24,"column":22},"end":{"line":24,"column":27}},"loc":{"start":{"line":24,"column":49},"end":{"line":88,"column":null}},"line":24}},"branchMap":{"0":{"loc":{"start":{"line":19,"column":2},"end":{"line":19,"column":null}},"type":"if","locations":[{"start":{"line":19,"column":2},"end":{"line":19,"column":null}},{"start":{},"end":{}}],"line":19},"1":{"loc":{"start":{"line":25,"column":20},"end":{"line":25,"column":null}},"type":"binary-expr","locations":[{"start":{"line":25,"column":20},"end":{"line":25,"column":59}},{"start":{"line":25,"column":59},"end":{"line":25,"column":null}}],"line":25},"2":{"loc":{"start":{"line":26,"column":2},"end":{"line":29,"column":null}},"type":"if","locations":[{"start":{"line":26,"column":2},"end":{"line":29,"column":null}},{"start":{},"end":{}}],"line":26},"3":{"loc":{"start":{"line":31,"column":2},"end":{"line":33,"column":null}},"type":"if","locations":[{"start":{"line":31,"column":2},"end":{"line":33,"column":null}},{"start":{},"end":{}}],"line":31},"4":{"loc":{"start":{"line":48,"column":2},"end":{"line":74,"column":null}},"type":"if","locations":[{"start":{"line":48,"column":2},"end":{"line":74,"column":null}},{"start":{"line":63,"column":9},"end":{"line":74,"column":null}}],"line":48},"5":{"loc":{"start":{"line":54,"column":4},"end":{"line":62,"column":null}},"type":"if","locations":[{"start":{"line":54,"column":4},"end":{"line":62,"column":null}},{"start":{},"end":{}}],"line":54}},"s":{"0":3,"1":3,"2":3,"3":0,"4":3,"5":3,"6":3,"7":3,"8":0,"9":0,"10":3,"11":0,"12":3,"13":3,"14":3,"15":3,"16":3,"17":3,"18":3,"19":3,"20":3,"21":1,"22":1,"23":0,"24":3,"25":3,"26":3},"f":{"0":3,"1":3},"b":{"0":[0,3],"1":[3,3],"2":[0,3],"3":[0,3],"4":[3,0],"5":[1,2]},"meta":{"lastBranch":6,"lastFunction":2,"lastStatement":27,"seen":{"s:17:21:22:Infinity":0,"f:17:21:17:22":0,"s:18:17:18:Infinity":1,"b:19:2:19:Infinity:undefined:undefined:undefined:undefined":0,"s:19:2:19:Infinity":2,"s:19:15:19:Infinity":3,"s:20:21:20:Infinity":4,"s:21:2:21:Infinity":5,"f:24:22:24:27":1,"s:25:20:25:Infinity":6,"b:25:20:25:59:25:59:25:Infinity":1,"b:26:2:29:Infinity:undefined:undefined:undefined:undefined":2,"s:26:2:29:Infinity":7,"s:27:4:27:Infinity":8,"s:28:4:28:Infinity":9,"b:31:2:33:Infinity:undefined:undefined:undefined:undefined":3,"s:31:2:33:Infinity":10,"s:32:4:32:Infinity":11,"s:35:14:35:Infinity":12,"s:36:32:36:Infinity":13,"s:37:18:37:Infinity":14,"s:38:24:43:Infinity":15,"s:45:8:45:Infinity":16,"s:46:6:46:Infinity":17,"b:48:2:74:Infinity:63:9:74:Infinity":4,"s:48:2:74:Infinity":18,"s:49:28:53:Infinity":19,"b:54:4:62:Infinity:undefined:undefined:undefined:undefined":5,"s:54:4:62:Infinity":20,"s:55:6:55:Infinity":21,"s:56:6:61:Infinity":22,"s:64:4:73:Infinity":23,"s:76:21:76:Infinity":24,"s:77:2:77:Infinity":25,"s:79:2:87:Infinity":26}}}
,"/Users/ryanlaubscher/Projects/ChipIn/src/app/api/v1/dream-boards/[id]/route.ts": {"path":"/Users/ryanlaubscher/Projects/ChipIn/src/app/api/v1/dream-boards/[id]/route.ts","statementMap":{"0":{"start":{"line":11,"column":20},"end":{"line":12,"column":null}},"1":{"start":{"line":12,"column":2},"end":{"line":12,"column":null}},"2":{"start":{"line":18,"column":8},"end":{"line":18,"column":null}},"3":{"start":{"line":19,"column":13},"end":{"line":19,"column":null}},"4":{"start":{"line":20,"column":21},"end":{"line":23,"column":null}},"5":{"start":{"line":25,"column":2},"end":{"line":49,"column":null}},"6":{"start":{"line":26,"column":27},"end":{"line":26,"column":null}},"7":{"start":{"line":27,"column":31},"end":{"line":31,"column":null}},"8":{"start":{"line":32,"column":10},"end":{"line":32,"column":null}},"9":{"start":{"line":34,"column":4},"end":{"line":41,"column":null}},"10":{"start":{"line":35,"column":6},"end":{"line":40,"column":null}},"11":{"start":{"line":43,"column":4},"end":{"line":48,"column":null}},"12":{"start":{"line":51,"column":20},"end":{"line":55,"column":null}},"13":{"start":{"line":56,"column":8},"end":{"line":56,"column":null}},"14":{"start":{"line":58,"column":2},"end":{"line":68,"column":null}},"15":{"start":{"line":59,"column":4},"end":{"line":67,"column":null}},"16":{"start":{"line":70,"column":16},"end":{"line":70,"column":null}},"17":{"start":{"line":71,"column":2},"end":{"line":78,"column":null}},"18":{"start":{"line":72,"column":4},"end":{"line":77,"column":null}},"19":{"start":{"line":80,"column":18},"end":{"line":80,"column":null}},"20":{"start":{"line":81,"column":8},"end":{"line":81,"column":null}},"21":{"start":{"line":82,"column":2},"end":{"line":89,"column":null}},"22":{"start":{"line":83,"column":4},"end":{"line":88,"column":null}},"23":{"start":{"line":91,"column":2},"end":{"line":91,"column":null}},"24":{"start":{"line":93,"column":2},"end":{"line":93,"column":null}}},"fnMap":{"0":{"name":"(anonymous_0)","decl":{"start":{"line":11,"column":20},"end":{"line":11,"column":21}},"loc":{"start":{"line":12,"column":2},"end":{"line":12,"column":null}},"line":12},"1":{"name":"GET","decl":{"start":{"line":14,"column":22},"end":{"line":14,"column":null}},"loc":{"start":{"line":17,"column":2},"end":{"line":94,"column":null}},"line":17}},"branchMap":{"0":{"loc":{"start":{"line":12,"column":2},"end":{"line":12,"column":null}},"type":"binary-expr","locations":[{"start":{"line":12,"column":2},"end":{"line":12,"column":67}},{"start":{"line":12,"column":67},"end":{"line":12,"column":null}}],"line":12},"1":{"loc":{"start":{"line":18,"column":8},"end":{"line":18,"column":null}},"type":"binary-expr","locations":[{"start":{"line":18,"column":8},"end":{"line":18,"column":53}},{"start":{"line":18,"column":48},"end":{"line":18,"column":null}}],"line":18},"2":{"loc":{"start":{"line":25,"column":2},"end":{"line":49,"column":null}},"type":"if","locations":[{"start":{"line":25,"column":2},"end":{"line":49,"column":null}},{"start":{},"end":{}}],"line":25},"3":{"loc":{"start":{"line":28,"column":26},"end":{"line":28,"column":41}},"type":"binary-expr","locations":[{"start":{"line":28,"column":26},"end":{"line":28,"column":32}},{"start":{"line":28,"column":32},"end":{"line":28,"column":41}}],"line":28},"4":{"loc":{"start":{"line":34,"column":4},"end":{"line":41,"column":null}},"type":"if","locations":[{"start":{"line":34,"column":4},"end":{"line":41,"column":null}},{"start":{},"end":{}}],"line":34},"5":{"loc":{"start":{"line":58,"column":2},"end":{"line":68,"column":null}},"type":"if","locations":[{"start":{"line":58,"column":2},"end":{"line":68,"column":null}},{"start":{},"end":{}}],"line":58},"6":{"loc":{"start":{"line":71,"column":2},"end":{"line":78,"column":null}},"type":"if","locations":[{"start":{"line":71,"column":2},"end":{"line":78,"column":null}},{"start":{},"end":{}}],"line":71},"7":{"loc":{"start":{"line":80,"column":18},"end":{"line":80,"column":null}},"type":"binary-expr","locations":[{"start":{"line":80,"column":18},"end":{"line":80,"column":53}},{"start":{"line":80,"column":53},"end":{"line":80,"column":null}}],"line":80},"8":{"loc":{"start":{"line":82,"column":2},"end":{"line":89,"column":null}},"type":"if","locations":[{"start":{"line":82,"column":2},"end":{"line":89,"column":null}},{"start":{},"end":{}}],"line":82}},"s":{"0":6,"1":6,"2":6,"3":6,"4":6,"5":6,"6":2,"7":2,"8":2,"9":2,"10":1,"11":1,"12":4,"13":4,"14":4,"15":1,"16":3,"17":3,"18":1,"19":2,"20":6,"21":6,"22":0,"23":2,"24":2},"f":{"0":6,"1":6},"b":{"0":[6,6],"1":[6,5],"2":[2,4],"3":[2,2],"4":[1,1],"5":[1,3],"6":[1,2],"7":[2,2],"8":[0,6]},"meta":{"lastBranch":9,"lastFunction":2,"lastStatement":25,"seen":{"s:11:20:12:Infinity":0,"f:11:20:11:21":0,"s:12:2:12:Infinity":1,"b:12:2:12:67:12:67:12:Infinity":0,"f:14:22:14:Infinity":1,"s:18:8:18:Infinity":2,"b:18:8:18:53:18:48:18:Infinity":1,"s:19:13:19:Infinity":3,"s:20:21:23:Infinity":4,"b:25:2:49:Infinity:undefined:undefined:undefined:undefined":2,"s:25:2:49:Infinity":5,"s:26:27:26:Infinity":6,"s:27:31:31:Infinity":7,"b:28:26:28:32:28:32:28:41":3,"s:32:10:32:Infinity":8,"b:34:4:41:Infinity:undefined:undefined:undefined:undefined":4,"s:34:4:41:Infinity":9,"s:35:6:40:Infinity":10,"s:43:4:48:Infinity":11,"s:51:20:55:Infinity":12,"s:56:8:56:Infinity":13,"b:58:2:68:Infinity:undefined:undefined:undefined:undefined":5,"s:58:2:68:Infinity":14,"s:59:4:67:Infinity":15,"s:70:16:70:Infinity":16,"b:71:2:78:Infinity:undefined:undefined:undefined:undefined":6,"s:71:2:78:Infinity":17,"s:72:4:77:Infinity":18,"s:80:18:80:Infinity":19,"b:80:18:80:53:80:53:80:Infinity":7,"s:81:8:81:Infinity":20,"b:82:2:89:Infinity:undefined:undefined:undefined:undefined":8,"s:82:2:89:Infinity":21,"s:83:4:88:Infinity":22,"s:91:2:91:Infinity":23,"s:93:2:93:Infinity":24}}}
,"/Users/ryanlaubscher/Projects/ChipIn/src/app/api/webhooks/ozow/route.ts": {"path":"/Users/ryanlaubscher/Projects/ChipIn/src/app/api/webhooks/ozow/route.ts","statementMap":{"0":{"start":{"line":17,"column":20},"end":{"line":18,"column":null}},"1":{"start":{"line":18,"column":2},"end":{"line":18,"column":null}},"2":{"start":{"line":21,"column":18},"end":{"line":21,"column":null}},"3":{"start":{"line":22,"column":20},"end":{"line":22,"column":null}},"4":{"start":{"line":23,"column":13},"end":{"line":23,"column":null}},"5":{"start":{"line":25,"column":20},"end":{"line":28,"column":null}},"6":{"start":{"line":30,"column":2},"end":{"line":36,"column":null}},"7":{"start":{"line":31,"column":4},"end":{"line":31,"column":null}},"8":{"start":{"line":32,"column":4},"end":{"line":35,"column":null}},"9":{"start":{"line":38,"column":8},"end":{"line":38,"column":null}},"10":{"start":{"line":39,"column":2},"end":{"line":42,"column":null}},"11":{"start":{"line":40,"column":4},"end":{"line":40,"column":null}},"12":{"start":{"line":41,"column":4},"end":{"line":41,"column":null}},"13":{"start":{"line":44,"column":8},"end":{"line":44,"column":null}},"14":{"start":{"line":45,"column":2},"end":{"line":47,"column":null}},"15":{"start":{"line":46,"column":4},"end":{"line":46,"column":null}},"16":{"start":{"line":49,"column":23},"end":{"line":49,"column":null}},"17":{"start":{"line":50,"column":2},"end":{"line":52,"column":null}},"18":{"start":{"line":51,"column":4},"end":{"line":51,"column":null}},"19":{"start":{"line":54,"column":2},"end":{"line":56,"column":null}},"20":{"start":{"line":55,"column":4},"end":{"line":55,"column":null}},"21":{"start":{"line":58,"column":8},"end":{"line":58,"column":null}},"22":{"start":{"line":59,"column":24},"end":{"line":59,"column":null}},"23":{"start":{"line":60,"column":2},"end":{"line":71,"column":null}},"24":{"start":{"line":61,"column":4},"end":{"line":61,"column":null}},"25":{"start":{"line":62,"column":4},"end":{"line":62,"column":null}},"26":{"start":{"line":63,"column":2},"end":{"line":71,"column":null}},"27":{"start":{"line":64,"column":4},"end":{"line":69,"column":null}},"28":{"start":{"line":70,"column":4},"end":{"line":70,"column":null}},"29":{"start":{"line":73,"column":8},"end":{"line":73,"column":null}},"30":{"start":{"line":74,"column":2},"end":{"line":74,"column":null}},"31":{"start":{"line":76,"column":2},"end":{"line":78,"column":null}},"32":{"start":{"line":77,"column":4},"end":{"line":77,"column":null}},"33":{"start":{"line":80,"column":2},"end":{"line":80,"column":null}}},"fnMap":{"0":{"name":"(anonymous_0)","decl":{"start":{"line":17,"column":20},"end":{"line":17,"column":21}},"loc":{"start":{"line":18,"column":2},"end":{"line":18,"column":null}},"line":18},"1":{"name":"POST","decl":{"start":{"line":20,"column":22},"end":{"line":20,"column":27}},"loc":{"start":{"line":20,"column":49},"end":{"line":81,"column":null}},"line":20}},"branchMap":{"0":{"loc":{"start":{"line":18,"column":2},"end":{"line":18,"column":null}},"type":"binary-expr","locations":[{"start":{"line":18,"column":2},"end":{"line":18,"column":67}},{"start":{"line":18,"column":67},"end":{"line":18,"column":null}}],"line":18},"1":{"loc":{"start":{"line":22,"column":20},"end":{"line":22,"column":null}},"type":"binary-expr","locations":[{"start":{"line":22,"column":20},"end":{"line":22,"column":59}},{"start":{"line":22,"column":59},"end":{"line":22,"column":null}}],"line":22},"2":{"loc":{"start":{"line":25,"column":59},"end":{"line":25,"column":74}},"type":"binary-expr","locations":[{"start":{"line":25,"column":59},"end":{"line":25,"column":65}},{"start":{"line":25,"column":65},"end":{"line":25,"column":74}}],"line":25},"3":{"loc":{"start":{"line":30,"column":2},"end":{"line":36,"column":null}},"type":"if","locations":[{"start":{"line":30,"column":2},"end":{"line":36,"column":null}},{"start":{},"end":{}}],"line":30},"4":{"loc":{"start":{"line":39,"column":2},"end":{"line":42,"column":null}},"type":"if","locations":[{"start":{"line":39,"column":2},"end":{"line":42,"column":null}},{"start":{},"end":{}}],"line":39},"5":{"loc":{"start":{"line":45,"column":2},"end":{"line":47,"column":null}},"type":"if","locations":[{"start":{"line":45,"column":2},"end":{"line":47,"column":null}},{"start":{},"end":{}}],"line":45},"6":{"loc":{"start":{"line":50,"column":2},"end":{"line":52,"column":null}},"type":"if","locations":[{"start":{"line":50,"column":2},"end":{"line":52,"column":null}},{"start":{},"end":{}}],"line":50},"7":{"loc":{"start":{"line":54,"column":2},"end":{"line":56,"column":null}},"type":"if","locations":[{"start":{"line":54,"column":2},"end":{"line":56,"column":null}},{"start":{},"end":{}}],"line":54},"8":{"loc":{"start":{"line":60,"column":2},"end":{"line":71,"column":null}},"type":"if","locations":[{"start":{"line":60,"column":2},"end":{"line":71,"column":null}},{"start":{"line":63,"column":2},"end":{"line":71,"column":null}}],"line":60},"9":{"loc":{"start":{"line":63,"column":2},"end":{"line":71,"column":null}},"type":"if","locations":[{"start":{"line":63,"column":2},"end":{"line":71,"column":null}},{"start":{},"end":{}}],"line":63},"10":{"loc":{"start":{"line":76,"column":2},"end":{"line":78,"column":null}},"type":"if","locations":[{"start":{"line":76,"column":2},"end":{"line":78,"column":null}},{"start":{},"end":{}}],"line":76}},"s":{"0":3,"1":3,"2":3,"3":3,"4":3,"5":3,"6":3,"7":1,"8":1,"9":2,"10":2,"11":0,"12":0,"13":2,"14":2,"15":0,"16":2,"17":2,"18":0,"19":2,"20":0,"21":2,"22":2,"23":2,"24":1,"25":1,"26":1,"27":0,"28":0,"29":1,"30":1,"31":1,"32":1,"33":1},"f":{"0":3,"1":3},"b":{"0":[3,3],"1":[3,3],"2":[3,3],"3":[1,2],"4":[0,2],"5":[0,2],"6":[0,2],"7":[0,2],"8":[1,1],"9":[0,1],"10":[1,0]},"meta":{"lastBranch":11,"lastFunction":2,"lastStatement":34,"seen":{"s:17:20:18:Infinity":0,"f:17:20:17:21":0,"s:18:2:18:Infinity":1,"b:18:2:18:67:18:67:18:Infinity":0,"f:20:22:20:27":1,"s:21:18:21:Infinity":2,"s:22:20:22:Infinity":3,"b:22:20:22:59:22:59:22:Infinity":1,"s:23:13:23:Infinity":4,"s:25:20:28:Infinity":5,"b:25:59:25:65:25:65:25:74":2,"b:30:2:36:Infinity:undefined:undefined:undefined:undefined":3,"s:30:2:36:Infinity":6,"s:31:4:31:Infinity":7,"s:32:4:35:Infinity":8,"s:38:8:38:Infinity":9,"b:39:2:42:Infinity:undefined:undefined:undefined:undefined":4,"s:39:2:42:Infinity":10,"s:40:4:40:Infinity":11,"s:41:4:41:Infinity":12,"s:44:8:44:Infinity":13,"b:45:2:47:Infinity:undefined:undefined:undefined:undefined":5,"s:45:2:47:Infinity":14,"s:46:4:46:Infinity":15,"s:49:23:49:Infinity":16,"b:50:2:52:Infinity:undefined:undefined:undefined:undefined":6,"s:50:2:52:Infinity":17,"s:51:4:51:Infinity":18,"b:54:2:56:Infinity:undefined:undefined:undefined:undefined":7,"s:54:2:56:Infinity":19,"s:55:4:55:Infinity":20,"s:58:8:58:Infinity":21,"s:59:24:59:Infinity":22,"b:60:2:71:Infinity:63:2:71:Infinity":8,"s:60:2:71:Infinity":23,"s:61:4:61:Infinity":24,"s:62:4:62:Infinity":25,"b:63:2:71:Infinity:undefined:undefined:undefined:undefined":9,"s:63:2:71:Infinity":26,"s:64:4:69:Infinity":27,"s:70:4:70:Infinity":28,"s:73:8:73:Infinity":29,"s:74:2:74:Infinity":30,"b:76:2:78:Infinity:undefined:undefined:undefined:undefined":10,"s:76:2:78:Infinity":31,"s:77:4:77:Infinity":32,"s:80:2:80:Infinity":33}}}
,"/Users/ryanlaubscher/Projects/ChipIn/src/app/api/webhooks/payfast/route.ts": {"path":"/Users/ryanlaubscher/Projects/ChipIn/src/app/api/webhooks/payfast/route.ts","statementMap":{"0":{"start":{"line":26,"column":20},"end":{"line":27,"column":null}},"1":{"start":{"line":27,"column":2},"end":{"line":27,"column":null}},"2":{"start":{"line":29,"column":26},"end":{"line":32,"column":null}},"3":{"start":{"line":29,"column":69},"end":{"line":32,"column":null}},"4":{"start":{"line":34,"column":25},"end":{"line":49,"column":null}},"5":{"start":{"line":35,"column":20},"end":{"line":38,"column":null}},"6":{"start":{"line":40,"column":2},"end":{"line":46,"column":null}},"7":{"start":{"line":41,"column":4},"end":{"line":41,"column":null}},"8":{"start":{"line":42,"column":4},"end":{"line":45,"column":null}},"9":{"start":{"line":48,"column":2},"end":{"line":48,"column":null}},"10":{"start":{"line":51,"column":26},"end":{"line":57,"column":null}},"11":{"start":{"line":52,"column":2},"end":{"line":55,"column":null}},"12":{"start":{"line":53,"column":4},"end":{"line":53,"column":null}},"13":{"start":{"line":54,"column":4},"end":{"line":54,"column":null}},"14":{"start":{"line":56,"column":2},"end":{"line":56,"column":null}},"15":{"start":{"line":59,"column":25},"end":{"line":65,"column":null}},"16":{"start":{"line":60,"column":2},"end":{"line":63,"column":null}},"17":{"start":{"line":61,"column":4},"end":{"line":61,"column":null}},"18":{"start":{"line":62,"column":4},"end":{"line":62,"column":null}},"19":{"start":{"line":64,"column":2},"end":{"line":64,"column":null}},"20":{"start":{"line":67,"column":25},"end":{"line":82,"column":null}},"21":{"start":{"line":68,"column":2},"end":{"line":80,"column":null}},"22":{"start":{"line":69,"column":4},"end":{"line":78,"column":null}},"23":{"start":{"line":79,"column":4},"end":{"line":79,"column":null}},"24":{"start":{"line":81,"column":2},"end":{"line":81,"column":null}},"25":{"start":{"line":84,"column":26},"end":{"line":107,"column":null}},"26":{"start":{"line":85,"column":8},"end":{"line":85,"column":null}},"27":{"start":{"line":86,"column":2},"end":{"line":98,"column":null}},"28":{"start":{"line":87,"column":10},"end":{"line":87,"column":null}},"29":{"start":{"line":88,"column":4},"end":{"line":96,"column":null}},"30":{"start":{"line":89,"column":6},"end":{"line":94,"column":null}},"31":{"start":{"line":95,"column":6},"end":{"line":95,"column":null}},"32":{"start":{"line":97,"column":4},"end":{"line":97,"column":null}},"33":{"start":{"line":100,"column":2},"end":{"line":105,"column":null}},"34":{"start":{"line":106,"column":2},"end":{"line":106,"column":null}},"35":{"start":{"line":109,"column":27},"end":{"line":116,"column":null}},"36":{"start":{"line":110,"column":20},"end":{"line":110,"column":null}},"37":{"start":{"line":111,"column":2},"end":{"line":114,"column":null}},"38":{"start":{"line":112,"column":4},"end":{"line":112,"column":null}},"39":{"start":{"line":113,"column":4},"end":{"line":113,"column":null}},"40":{"start":{"line":115,"column":2},"end":{"line":115,"column":null}},"41":{"start":{"line":118,"column":34},"end":{"line":133,"column":null}},"42":{"start":{"line":119,"column":22},"end":{"line":119,"column":null}},"43":{"start":{"line":120,"column":2},"end":{"line":128,"column":null}},"44":{"start":{"line":121,"column":4},"end":{"line":126,"column":null}},"45":{"start":{"line":127,"column":4},"end":{"line":127,"column":null}},"46":{"start":{"line":129,"column":2},"end":{"line":131,"column":null}},"47":{"start":{"line":130,"column":4},"end":{"line":130,"column":null}},"48":{"start":{"line":132,"column":2},"end":{"line":132,"column":null}},"49":{"start":{"line":135,"column":35},"end":{"line":160,"column":null}},"50":{"start":{"line":140,"column":2},"end":{"line":142,"column":null}},"51":{"start":{"line":141,"column":4},"end":{"line":141,"column":null}},"52":{"start":{"line":144,"column":2},"end":{"line":146,"column":null}},"53":{"start":{"line":145,"column":4},"end":{"line":145,"column":null}},"54":{"start":{"line":148,"column":8},"end":{"line":148,"column":null}},"55":{"start":{"line":149,"column":24},"end":{"line":149,"column":null}},"56":{"start":{"line":150,"column":2},"end":{"line":158,"column":null}},"57":{"start":{"line":151,"column":4},"end":{"line":156,"column":null}},"58":{"start":{"line":157,"column":4},"end":{"line":157,"column":null}},"59":{"start":{"line":159,"column":2},"end":{"line":159,"column":null}},"60":{"start":{"line":163,"column":18},"end":{"line":163,"column":null}},"61":{"start":{"line":164,"column":18},"end":{"line":164,"column":null}},"62":{"start":{"line":166,"column":28},"end":{"line":166,"column":null}},"63":{"start":{"line":167,"column":2},"end":{"line":167,"column":null}},"64":{"start":{"line":167,"column":25},"end":{"line":167,"column":null}},"65":{"start":{"line":169,"column":28},"end":{"line":169,"column":null}},"66":{"start":{"line":170,"column":2},"end":{"line":170,"column":null}},"67":{"start":{"line":170,"column":25},"end":{"line":170,"column":null}},"68":{"start":{"line":172,"column":25},"end":{"line":172,"column":null}},"69":{"start":{"line":173,"column":2},"end":{"line":173,"column":null}},"70":{"start":{"line":173,"column":22},"end":{"line":173,"column":null}},"71":{"start":{"line":175,"column":18},"end":{"line":175,"column":null}},"72":{"start":{"line":176,"column":27},"end":{"line":176,"column":null}},"73":{"start":{"line":177,"column":2},"end":{"line":177,"column":null}},"74":{"start":{"line":177,"column":24},"end":{"line":177,"column":null}},"75":{"start":{"line":179,"column":28},"end":{"line":179,"column":null}},"76":{"start":{"line":180,"column":2},"end":{"line":180,"column":null}},"77":{"start":{"line":180,"column":25},"end":{"line":180,"column":null}},"78":{"start":{"line":182,"column":22},"end":{"line":182,"column":null}},"79":{"start":{"line":183,"column":2},"end":{"line":183,"column":null}},"80":{"start":{"line":183,"column":19},"end":{"line":183,"column":null}},"81":{"start":{"line":185,"column":28},"end":{"line":185,"column":null}},"82":{"start":{"line":186,"column":2},"end":{"line":186,"column":null}},"83":{"start":{"line":186,"column":25},"end":{"line":186,"column":null}},"84":{"start":{"line":188,"column":21},"end":{"line":188,"column":null}},"85":{"start":{"line":189,"column":23},"end":{"line":189,"column":null}},"86":{"start":{"line":190,"column":25},"end":{"line":190,"column":null}},"87":{"start":{"line":191,"column":2},"end":{"line":191,"column":null}},"88":{"start":{"line":191,"column":22},"end":{"line":191,"column":null}},"89":{"start":{"line":192,"column":2},"end":{"line":194,"column":null}},"90":{"start":{"line":193,"column":4},"end":{"line":193,"column":null}},"91":{"start":{"line":196,"column":8},"end":{"line":196,"column":null}},"92":{"start":{"line":197,"column":2},"end":{"line":197,"column":null}},"93":{"start":{"line":199,"column":2},"end":{"line":201,"column":null}},"94":{"start":{"line":200,"column":4},"end":{"line":200,"column":null}},"95":{"start":{"line":203,"column":2},"end":{"line":203,"column":null}}},"fnMap":{"0":{"name":"(anonymous_0)","decl":{"start":{"line":26,"column":20},"end":{"line":26,"column":21}},"loc":{"start":{"line":27,"column":2},"end":{"line":27,"column":null}},"line":27},"1":{"name":"(anonymous_1)","decl":{"start":{"line":29,"column":26},"end":{"line":29,"column":27}},"loc":{"start":{"line":29,"column":69},"end":{"line":32,"column":null}},"line":29},"2":{"name":"(anonymous_2)","decl":{"start":{"line":34,"column":25},"end":{"line":34,"column":32}},"loc":{"start":{"line":34,"column":60},"end":{"line":49,"column":null}},"line":34},"3":{"name":"(anonymous_3)","decl":{"start":{"line":51,"column":26},"end":{"line":51,"column":27}},"loc":{"start":{"line":51,"column":72},"end":{"line":57,"column":null}},"line":51},"4":{"name":"(anonymous_4)","decl":{"start":{"line":59,"column":25},"end":{"line":59,"column":26}},"loc":{"start":{"line":59,"column":54},"end":{"line":65,"column":null}},"line":59},"5":{"name":"(anonymous_5)","decl":{"start":{"line":67,"column":25},"end":{"line":67,"column":26}},"loc":{"start":{"line":67,"column":87},"end":{"line":82,"column":null}},"line":67},"6":{"name":"(anonymous_6)","decl":{"start":{"line":84,"column":26},"end":{"line":84,"column":27}},"loc":{"start":{"line":84,"column":88},"end":{"line":107,"column":null}},"line":84},"7":{"name":"(anonymous_7)","decl":{"start":{"line":109,"column":27},"end":{"line":109,"column":34}},"loc":{"start":{"line":109,"column":79},"end":{"line":116,"column":null}},"line":109},"8":{"name":"(anonymous_8)","decl":{"start":{"line":118,"column":34},"end":{"line":118,"column":35}},"loc":{"start":{"line":118,"column":96},"end":{"line":133,"column":null}},"line":118},"9":{"name":"(anonymous_9)","decl":{"start":{"line":135,"column":35},"end":{"line":135,"column":null}},"loc":{"start":{"line":139,"column":5},"end":{"line":160,"column":null}},"line":139},"10":{"name":"POST","decl":{"start":{"line":162,"column":22},"end":{"line":162,"column":27}},"loc":{"start":{"line":162,"column":49},"end":{"line":204,"column":null}},"line":162}},"branchMap":{"0":{"loc":{"start":{"line":27,"column":2},"end":{"line":27,"column":null}},"type":"binary-expr","locations":[{"start":{"line":27,"column":2},"end":{"line":27,"column":67}},{"start":{"line":27,"column":67},"end":{"line":27,"column":null}}],"line":27},"1":{"loc":{"start":{"line":30,"column":13},"end":{"line":30,"column":null}},"type":"binary-expr","locations":[{"start":{"line":30,"column":13},"end":{"line":30,"column":52}},{"start":{"line":30,"column":52},"end":{"line":30,"column":null}}],"line":30},"2":{"loc":{"start":{"line":35,"column":62},"end":{"line":35,"column":85}},"type":"binary-expr","locations":[{"start":{"line":35,"column":62},"end":{"line":35,"column":76}},{"start":{"line":35,"column":76},"end":{"line":35,"column":85}}],"line":35},"3":{"loc":{"start":{"line":40,"column":2},"end":{"line":46,"column":null}},"type":"if","locations":[{"start":{"line":40,"column":2},"end":{"line":46,"column":null}},{"start":{},"end":{}}],"line":40},"4":{"loc":{"start":{"line":52,"column":2},"end":{"line":55,"column":null}},"type":"if","locations":[{"start":{"line":52,"column":2},"end":{"line":55,"column":null}},{"start":{},"end":{}}],"line":52},"5":{"loc":{"start":{"line":60,"column":2},"end":{"line":63,"column":null}},"type":"if","locations":[{"start":{"line":60,"column":2},"end":{"line":63,"column":null}},{"start":{},"end":{}}],"line":60},"6":{"loc":{"start":{"line":60,"column":6},"end":{"line":60,"column":83}},"type":"binary-expr","locations":[{"start":{"line":60,"column":6},"end":{"line":60,"column":47}},{"start":{"line":60,"column":47},"end":{"line":60,"column":83}}],"line":60},"7":{"loc":{"start":{"line":68,"column":2},"end":{"line":80,"column":null}},"type":"if","locations":[{"start":{"line":68,"column":2},"end":{"line":80,"column":null}},{"start":{},"end":{}}],"line":68},"8":{"loc":{"start":{"line":86,"column":2},"end":{"line":98,"column":null}},"type":"if","locations":[{"start":{"line":86,"column":2},"end":{"line":98,"column":null}},{"start":{},"end":{}}],"line":86},"9":{"loc":{"start":{"line":88,"column":4},"end":{"line":96,"column":null}},"type":"if","locations":[{"start":{"line":88,"column":4},"end":{"line":96,"column":null}},{"start":{},"end":{}}],"line":88},"10":{"loc":{"start":{"line":111,"column":2},"end":{"line":114,"column":null}},"type":"if","locations":[{"start":{"line":111,"column":2},"end":{"line":114,"column":null}},{"start":{},"end":{}}],"line":111},"11":{"loc":{"start":{"line":120,"column":2},"end":{"line":128,"column":null}},"type":"if","locations":[{"start":{"line":120,"column":2},"end":{"line":128,"column":null}},{"start":{},"end":{}}],"line":120},"12":{"loc":{"start":{"line":129,"column":2},"end":{"line":131,"column":null}},"type":"if","locations":[{"start":{"line":129,"column":2},"end":{"line":131,"column":null}},{"start":{},"end":{}}],"line":129},"13":{"loc":{"start":{"line":140,"column":2},"end":{"line":142,"column":null}},"type":"if","locations":[{"start":{"line":140,"column":2},"end":{"line":142,"column":null}},{"start":{},"end":{}}],"line":140},"14":{"loc":{"start":{"line":144,"column":2},"end":{"line":146,"column":null}},"type":"if","locations":[{"start":{"line":144,"column":2},"end":{"line":146,"column":null}},{"start":{},"end":{}}],"line":144},"15":{"loc":{"start":{"line":150,"column":2},"end":{"line":158,"column":null}},"type":"if","locations":[{"start":{"line":150,"column":2},"end":{"line":158,"column":null}},{"start":{},"end":{}}],"line":150},"16":{"loc":{"start":{"line":150,"column":6},"end":{"line":150,"column":53}},"type":"binary-expr","locations":[{"start":{"line":150,"column":6},"end":{"line":150,"column":22}},{"start":{"line":150,"column":22},"end":{"line":150,"column":53}}],"line":150},"17":{"loc":{"start":{"line":167,"column":2},"end":{"line":167,"column":null}},"type":"if","locations":[{"start":{"line":167,"column":2},"end":{"line":167,"column":null}},{"start":{},"end":{}}],"line":167},"18":{"loc":{"start":{"line":170,"column":2},"end":{"line":170,"column":null}},"type":"if","locations":[{"start":{"line":170,"column":2},"end":{"line":170,"column":null}},{"start":{},"end":{}}],"line":170},"19":{"loc":{"start":{"line":173,"column":2},"end":{"line":173,"column":null}},"type":"if","locations":[{"start":{"line":173,"column":2},"end":{"line":173,"column":null}},{"start":{},"end":{}}],"line":173},"20":{"loc":{"start":{"line":177,"column":2},"end":{"line":177,"column":null}},"type":"if","locations":[{"start":{"line":177,"column":2},"end":{"line":177,"column":null}},{"start":{},"end":{}}],"line":177},"21":{"loc":{"start":{"line":180,"column":2},"end":{"line":180,"column":null}},"type":"if","locations":[{"start":{"line":180,"column":2},"end":{"line":180,"column":null}},{"start":{},"end":{}}],"line":180},"22":{"loc":{"start":{"line":183,"column":2},"end":{"line":183,"column":null}},"type":"if","locations":[{"start":{"line":183,"column":2},"end":{"line":183,"column":null}},{"start":{},"end":{}}],"line":183},"23":{"loc":{"start":{"line":186,"column":2},"end":{"line":186,"column":null}},"type":"if","locations":[{"start":{"line":186,"column":2},"end":{"line":186,"column":null}},{"start":{},"end":{}}],"line":186},"24":{"loc":{"start":{"line":191,"column":2},"end":{"line":191,"column":null}},"type":"if","locations":[{"start":{"line":191,"column":2},"end":{"line":191,"column":null}},{"start":{},"end":{}}],"line":191},"25":{"loc":{"start":{"line":192,"column":2},"end":{"line":194,"column":null}},"type":"if","locations":[{"start":{"line":192,"column":2},"end":{"line":194,"column":null}},{"start":{},"end":{}}],"line":192},"26":{"loc":{"start":{"line":199,"column":2},"end":{"line":201,"column":null}},"type":"if","locations":[{"start":{"line":199,"column":2},"end":{"line":201,"column":null}},{"start":{},"end":{}}],"line":199}},"s":{"0":3,"1":3,"2":3,"3":3,"4":3,"5":3,"6":3,"7":1,"8":1,"9":2,"10":3,"11":2,"12":0,"13":0,"14":2,"15":3,"16":2,"17":0,"18":0,"19":2,"20":3,"21":2,"22":0,"23":0,"24":2,"25":3,"26":2,"27":2,"28":1,"29":1,"30":0,"31":0,"32":1,"33":1,"34":1,"35":3,"36":2,"37":2,"38":0,"39":0,"40":2,"41":3,"42":2,"43":2,"44":0,"45":0,"46":2,"47":0,"48":2,"49":3,"50":2,"51":0,"52":2,"53":0,"54":2,"55":2,"56":2,"57":0,"58":0,"59":2,"60":3,"61":3,"62":3,"63":3,"64":1,"65":2,"66":2,"67":0,"68":2,"69":2,"70":0,"71":2,"72":2,"73":2,"74":0,"75":2,"76":2,"77":0,"78":2,"79":2,"80":0,"81":2,"82":2,"83":0,"84":2,"85":2,"86":2,"87":2,"88":0,"89":2,"90":0,"91":2,"92":2,"93":2,"94":2,"95":2},"f":{"0":3,"1":3,"2":3,"3":2,"4":2,"5":2,"6":2,"7":2,"8":2,"9":2,"10":3},"b":{"0":[3,3],"1":[3,3],"2":[3,0],"3":[1,2],"4":[0,2],"5":[0,2],"6":[2,0],"7":[0,2],"8":[1,1],"9":[0,1],"10":[0,2],"11":[0,2],"12":[0,2],"13":[0,2],"14":[0,2],"15":[0,2],"16":[2,2],"17":[1,2],"18":[0,2],"19":[0,2],"20":[0,2],"21":[0,2],"22":[0,2],"23":[0,2],"24":[0,2],"25":[0,2],"26":[2,0]},"meta":{"lastBranch":27,"lastFunction":11,"lastStatement":96,"seen":{"s:26:20:27:Infinity":0,"f:26:20:26:21":0,"s:27:2:27:Infinity":1,"b:27:2:27:67:27:67:27:Infinity":0,"s:29:26:32:Infinity":2,"f:29:26:29:27":1,"s:29:69:32:Infinity":3,"b:30:13:30:52:30:52:30:Infinity":1,"s:34:25:49:Infinity":4,"f:34:25:34:32":2,"s:35:20:38:Infinity":5,"b:35:62:35:76:35:76:35:85":2,"b:40:2:46:Infinity:undefined:undefined:undefined:undefined":3,"s:40:2:46:Infinity":6,"s:41:4:41:Infinity":7,"s:42:4:45:Infinity":8,"s:48:2:48:Infinity":9,"s:51:26:57:Infinity":10,"f:51:26:51:27":3,"b:52:2:55:Infinity:undefined:undefined:undefined:undefined":4,"s:52:2:55:Infinity":11,"s:53:4:53:Infinity":12,"s:54:4:54:Infinity":13,"s:56:2:56:Infinity":14,"s:59:25:65:Infinity":15,"f:59:25:59:26":4,"b:60:2:63:Infinity:undefined:undefined:undefined:undefined":5,"s:60:2:63:Infinity":16,"b:60:6:60:47:60:47:60:83":6,"s:61:4:61:Infinity":17,"s:62:4:62:Infinity":18,"s:64:2:64:Infinity":19,"s:67:25:82:Infinity":20,"f:67:25:67:26":5,"b:68:2:80:Infinity:undefined:undefined:undefined:undefined":7,"s:68:2:80:Infinity":21,"s:69:4:78:Infinity":22,"s:79:4:79:Infinity":23,"s:81:2:81:Infinity":24,"s:84:26:107:Infinity":25,"f:84:26:84:27":6,"s:85:8:85:Infinity":26,"b:86:2:98:Infinity:undefined:undefined:undefined:undefined":8,"s:86:2:98:Infinity":27,"s:87:10:87:Infinity":28,"b:88:4:96:Infinity:undefined:undefined:undefined:undefined":9,"s:88:4:96:Infinity":29,"s:89:6:94:Infinity":30,"s:95:6:95:Infinity":31,"s:97:4:97:Infinity":32,"s:100:2:105:Infinity":33,"s:106:2:106:Infinity":34,"s:109:27:116:Infinity":35,"f:109:27:109:34":7,"s:110:20:110:Infinity":36,"b:111:2:114:Infinity:undefined:undefined:undefined:undefined":10,"s:111:2:114:Infinity":37,"s:112:4:112:Infinity":38,"s:113:4:113:Infinity":39,"s:115:2:115:Infinity":40,"s:118:34:133:Infinity":41,"f:118:34:118:35":8,"s:119:22:119:Infinity":42,"b:120:2:128:Infinity:undefined:undefined:undefined:undefined":11,"s:120:2:128:Infinity":43,"s:121:4:126:Infinity":44,"s:127:4:127:Infinity":45,"b:129:2:131:Infinity:undefined:undefined:undefined:undefined":12,"s:129:2:131:Infinity":46,"s:130:4:130:Infinity":47,"s:132:2:132:Infinity":48,"s:135:35:160:Infinity":49,"f:135:35:135:Infinity":9,"b:140:2:142:Infinity:undefined:undefined:undefined:undefined":13,"s:140:2:142:Infinity":50,"s:141:4:141:Infinity":51,"b:144:2:146:Infinity:undefined:undefined:undefined:undefined":14,"s:144:2:146:Infinity":52,"s:145:4:145:Infinity":53,"s:148:8:148:Infinity":54,"s:149:24:149:Infinity":55,"b:150:2:158:Infinity:undefined:undefined:undefined:undefined":15,"s:150:2:158:Infinity":56,"b:150:6:150:22:150:22:150:53":16,"s:151:4:156:Infinity":57,"s:157:4:157:Infinity":58,"s:159:2:159:Infinity":59,"f:162:22:162:27":10,"s:163:18:163:Infinity":60,"s:164:18:164:Infinity":61,"s:166:28:166:Infinity":62,"b:167:2:167:Infinity:undefined:undefined:undefined:undefined":17,"s:167:2:167:Infinity":63,"s:167:25:167:Infinity":64,"s:169:28:169:Infinity":65,"b:170:2:170:Infinity:undefined:undefined:undefined:undefined":18,"s:170:2:170:Infinity":66,"s:170:25:170:Infinity":67,"s:172:25:172:Infinity":68,"b:173:2:173:Infinity:undefined:undefined:undefined:undefined":19,"s:173:2:173:Infinity":69,"s:173:22:173:Infinity":70,"s:175:18:175:Infinity":71,"s:176:27:176:Infinity":72,"b:177:2:177:Infinity:undefined:undefined:undefined:undefined":20,"s:177:2:177:Infinity":73,"s:177:24:177:Infinity":74,"s:179:28:179:Infinity":75,"b:180:2:180:Infinity:undefined:undefined:undefined:undefined":21,"s:180:2:180:Infinity":76,"s:180:25:180:Infinity":77,"s:182:22:182:Infinity":78,"b:183:2:183:Infinity:undefined:undefined:undefined:undefined":22,"s:183:2:183:Infinity":79,"s:183:19:183:Infinity":80,"s:185:28:185:Infinity":81,"b:186:2:186:Infinity:undefined:undefined:undefined:undefined":23,"s:186:2:186:Infinity":82,"s:186:25:186:Infinity":83,"s:188:21:188:Infinity":84,"s:189:23:189:Infinity":85,"s:190:25:190:Infinity":86,"b:191:2:191:Infinity:undefined:undefined:undefined:undefined":24,"s:191:2:191:Infinity":87,"s:191:22:191:Infinity":88,"b:192:2:194:Infinity:undefined:undefined:undefined:undefined":25,"s:192:2:194:Infinity":89,"s:193:4:193:Infinity":90,"s:196:8:196:Infinity":91,"s:197:2:197:Infinity":92,"b:199:2:201:Infinity:undefined:undefined:undefined:undefined":26,"s:199:2:201:Infinity":93,"s:200:4:200:Infinity":94,"s:203:2:203:Infinity":95}}}
,"/Users/ryanlaubscher/Projects/ChipIn/src/app/api/webhooks/snapscan/route.ts": {"path":"/Users/ryanlaubscher/Projects/ChipIn/src/app/api/webhooks/snapscan/route.ts","statementMap":{"0":{"start":{"line":24,"column":20},"end":{"line":25,"column":null}},"1":{"start":{"line":25,"column":2},"end":{"line":25,"column":null}},"2":{"start":{"line":27,"column":26},"end":{"line":30,"column":null}},"3":{"start":{"line":27,"column":69},"end":{"line":30,"column":null}},"4":{"start":{"line":32,"column":25},"end":{"line":47,"column":null}},"5":{"start":{"line":33,"column":20},"end":{"line":36,"column":null}},"6":{"start":{"line":38,"column":2},"end":{"line":44,"column":null}},"7":{"start":{"line":39,"column":4},"end":{"line":39,"column":null}},"8":{"start":{"line":40,"column":4},"end":{"line":43,"column":null}},"9":{"start":{"line":46,"column":2},"end":{"line":46,"column":null}},"10":{"start":{"line":49,"column":26},"end":{"line":55,"column":null}},"11":{"start":{"line":50,"column":2},"end":{"line":53,"column":null}},"12":{"start":{"line":51,"column":4},"end":{"line":51,"column":null}},"13":{"start":{"line":52,"column":4},"end":{"line":52,"column":null}},"14":{"start":{"line":54,"column":2},"end":{"line":54,"column":null}},"15":{"start":{"line":57,"column":24},"end":{"line":63,"column":null}},"16":{"start":{"line":58,"column":18},"end":{"line":58,"column":null}},"17":{"start":{"line":59,"column":2},"end":{"line":61,"column":null}},"18":{"start":{"line":60,"column":4},"end":{"line":60,"column":null}},"19":{"start":{"line":62,"column":2},"end":{"line":62,"column":null}},"20":{"start":{"line":65,"column":26},"end":{"line":91,"column":null}},"21":{"start":{"line":66,"column":8},"end":{"line":74,"column":null}},"22":{"start":{"line":75,"column":2},"end":{"line":87,"column":null}},"23":{"start":{"line":76,"column":10},"end":{"line":76,"column":null}},"24":{"start":{"line":77,"column":4},"end":{"line":85,"column":null}},"25":{"start":{"line":78,"column":6},"end":{"line":83,"column":null}},"26":{"start":{"line":84,"column":6},"end":{"line":84,"column":null}},"27":{"start":{"line":86,"column":4},"end":{"line":86,"column":null}},"28":{"start":{"line":89,"column":2},"end":{"line":89,"column":null}},"29":{"start":{"line":90,"column":2},"end":{"line":90,"column":null}},"30":{"start":{"line":93,"column":35},"end":{"line":124,"column":null}},"31":{"start":{"line":99,"column":2},"end":{"line":101,"column":null}},"32":{"start":{"line":100,"column":4},"end":{"line":100,"column":null}},"33":{"start":{"line":103,"column":2},"end":{"line":105,"column":null}},"34":{"start":{"line":104,"column":4},"end":{"line":104,"column":null}},"35":{"start":{"line":107,"column":8},"end":{"line":107,"column":null}},"36":{"start":{"line":108,"column":24},"end":{"line":108,"column":null}},"37":{"start":{"line":109,"column":2},"end":{"line":112,"column":null}},"38":{"start":{"line":110,"column":4},"end":{"line":110,"column":null}},"39":{"start":{"line":111,"column":4},"end":{"line":111,"column":null}},"40":{"start":{"line":113,"column":2},"end":{"line":121,"column":null}},"41":{"start":{"line":114,"column":4},"end":{"line":119,"column":null}},"42":{"start":{"line":120,"column":4},"end":{"line":120,"column":null}},"43":{"start":{"line":123,"column":2},"end":{"line":123,"column":null}},"44":{"start":{"line":127,"column":18},"end":{"line":127,"column":null}},"45":{"start":{"line":128,"column":18},"end":{"line":128,"column":null}},"46":{"start":{"line":130,"column":28},"end":{"line":130,"column":null}},"47":{"start":{"line":131,"column":2},"end":{"line":131,"column":null}},"48":{"start":{"line":131,"column":25},"end":{"line":131,"column":null}},"49":{"start":{"line":133,"column":28},"end":{"line":137,"column":null}},"50":{"start":{"line":138,"column":2},"end":{"line":138,"column":null}},"51":{"start":{"line":138,"column":25},"end":{"line":138,"column":null}},"52":{"start":{"line":140,"column":24},"end":{"line":140,"column":null}},"53":{"start":{"line":141,"column":2},"end":{"line":141,"column":null}},"54":{"start":{"line":141,"column":35},"end":{"line":141,"column":null}},"55":{"start":{"line":142,"column":22},"end":{"line":142,"column":null}},"56":{"start":{"line":144,"column":28},"end":{"line":144,"column":null}},"57":{"start":{"line":145,"column":2},"end":{"line":145,"column":null}},"58":{"start":{"line":145,"column":25},"end":{"line":145,"column":null}},"59":{"start":{"line":147,"column":8},"end":{"line":147,"column":null}},"60":{"start":{"line":148,"column":2},"end":{"line":150,"column":null}},"61":{"start":{"line":149,"column":4},"end":{"line":149,"column":null}},"62":{"start":{"line":152,"column":23},"end":{"line":152,"column":null}},"63":{"start":{"line":153,"column":25},"end":{"line":153,"column":null}},"64":{"start":{"line":154,"column":2},"end":{"line":154,"column":null}},"65":{"start":{"line":154,"column":22},"end":{"line":154,"column":null}},"66":{"start":{"line":155,"column":2},"end":{"line":157,"column":null}},"67":{"start":{"line":156,"column":4},"end":{"line":156,"column":null}},"68":{"start":{"line":159,"column":8},"end":{"line":159,"column":null}},"69":{"start":{"line":160,"column":2},"end":{"line":160,"column":null}},"70":{"start":{"line":162,"column":2},"end":{"line":164,"column":null}},"71":{"start":{"line":163,"column":4},"end":{"line":163,"column":null}},"72":{"start":{"line":166,"column":2},"end":{"line":166,"column":null}}},"fnMap":{"0":{"name":"(anonymous_0)","decl":{"start":{"line":24,"column":20},"end":{"line":24,"column":21}},"loc":{"start":{"line":25,"column":2},"end":{"line":25,"column":null}},"line":25},"1":{"name":"(anonymous_1)","decl":{"start":{"line":27,"column":26},"end":{"line":27,"column":27}},"loc":{"start":{"line":27,"column":69},"end":{"line":30,"column":null}},"line":27},"2":{"name":"(anonymous_2)","decl":{"start":{"line":32,"column":25},"end":{"line":32,"column":32}},"loc":{"start":{"line":32,"column":60},"end":{"line":47,"column":null}},"line":32},"3":{"name":"(anonymous_3)","decl":{"start":{"line":49,"column":26},"end":{"line":49,"column":27}},"loc":{"start":{"line":49,"column":99},"end":{"line":55,"column":null}},"line":49},"4":{"name":"(anonymous_4)","decl":{"start":{"line":57,"column":24},"end":{"line":57,"column":25}},"loc":{"start":{"line":57,"column":45},"end":{"line":63,"column":null}},"line":57},"5":{"name":"(anonymous_5)","decl":{"start":{"line":65,"column":26},"end":{"line":65,"column":27}},"loc":{"start":{"line":65,"column":89},"end":{"line":91,"column":null}},"line":65},"6":{"name":"(anonymous_6)","decl":{"start":{"line":93,"column":35},"end":{"line":93,"column":null}},"loc":{"start":{"line":98,"column":5},"end":{"line":124,"column":null}},"line":98},"7":{"name":"POST","decl":{"start":{"line":126,"column":22},"end":{"line":126,"column":27}},"loc":{"start":{"line":126,"column":49},"end":{"line":167,"column":null}},"line":126}},"branchMap":{"0":{"loc":{"start":{"line":25,"column":2},"end":{"line":25,"column":null}},"type":"binary-expr","locations":[{"start":{"line":25,"column":2},"end":{"line":25,"column":67}},{"start":{"line":25,"column":67},"end":{"line":25,"column":null}}],"line":25},"1":{"loc":{"start":{"line":28,"column":13},"end":{"line":28,"column":null}},"type":"binary-expr","locations":[{"start":{"line":28,"column":13},"end":{"line":28,"column":52}},{"start":{"line":28,"column":52},"end":{"line":28,"column":null}}],"line":28},"2":{"loc":{"start":{"line":33,"column":63},"end":{"line":33,"column":86}},"type":"binary-expr","locations":[{"start":{"line":33,"column":63},"end":{"line":33,"column":77}},{"start":{"line":33,"column":77},"end":{"line":33,"column":86}}],"line":33},"3":{"loc":{"start":{"line":38,"column":2},"end":{"line":44,"column":null}},"type":"if","locations":[{"start":{"line":38,"column":2},"end":{"line":44,"column":null}},{"start":{},"end":{}}],"line":38},"4":{"loc":{"start":{"line":50,"column":2},"end":{"line":53,"column":null}},"type":"if","locations":[{"start":{"line":50,"column":2},"end":{"line":53,"column":null}},{"start":{},"end":{}}],"line":50},"5":{"loc":{"start":{"line":59,"column":2},"end":{"line":61,"column":null}},"type":"if","locations":[{"start":{"line":59,"column":2},"end":{"line":61,"column":null}},{"start":{},"end":{}}],"line":59},"6":{"loc":{"start":{"line":75,"column":2},"end":{"line":87,"column":null}},"type":"if","locations":[{"start":{"line":75,"column":2},"end":{"line":87,"column":null}},{"start":{},"end":{}}],"line":75},"7":{"loc":{"start":{"line":77,"column":4},"end":{"line":85,"column":null}},"type":"if","locations":[{"start":{"line":77,"column":4},"end":{"line":85,"column":null}},{"start":{},"end":{}}],"line":77},"8":{"loc":{"start":{"line":99,"column":2},"end":{"line":101,"column":null}},"type":"if","locations":[{"start":{"line":99,"column":2},"end":{"line":101,"column":null}},{"start":{},"end":{}}],"line":99},"9":{"loc":{"start":{"line":103,"column":2},"end":{"line":105,"column":null}},"type":"if","locations":[{"start":{"line":103,"column":2},"end":{"line":105,"column":null}},{"start":{},"end":{}}],"line":103},"10":{"loc":{"start":{"line":109,"column":2},"end":{"line":112,"column":null}},"type":"if","locations":[{"start":{"line":109,"column":2},"end":{"line":112,"column":null}},{"start":{},"end":{}}],"line":109},"11":{"loc":{"start":{"line":113,"column":2},"end":{"line":121,"column":null}},"type":"if","locations":[{"start":{"line":113,"column":2},"end":{"line":121,"column":null}},{"start":{},"end":{}}],"line":113},"12":{"loc":{"start":{"line":131,"column":2},"end":{"line":131,"column":null}},"type":"if","locations":[{"start":{"line":131,"column":2},"end":{"line":131,"column":null}},{"start":{},"end":{}}],"line":131},"13":{"loc":{"start":{"line":138,"column":2},"end":{"line":138,"column":null}},"type":"if","locations":[{"start":{"line":138,"column":2},"end":{"line":138,"column":null}},{"start":{},"end":{}}],"line":138},"14":{"loc":{"start":{"line":141,"column":2},"end":{"line":141,"column":null}},"type":"if","locations":[{"start":{"line":141,"column":2},"end":{"line":141,"column":null}},{"start":{},"end":{}}],"line":141},"15":{"loc":{"start":{"line":145,"column":2},"end":{"line":145,"column":null}},"type":"if","locations":[{"start":{"line":145,"column":2},"end":{"line":145,"column":null}},{"start":{},"end":{}}],"line":145},"16":{"loc":{"start":{"line":148,"column":2},"end":{"line":150,"column":null}},"type":"if","locations":[{"start":{"line":148,"column":2},"end":{"line":150,"column":null}},{"start":{},"end":{}}],"line":148},"17":{"loc":{"start":{"line":154,"column":2},"end":{"line":154,"column":null}},"type":"if","locations":[{"start":{"line":154,"column":2},"end":{"line":154,"column":null}},{"start":{},"end":{}}],"line":154},"18":{"loc":{"start":{"line":155,"column":2},"end":{"line":157,"column":null}},"type":"if","locations":[{"start":{"line":155,"column":2},"end":{"line":157,"column":null}},{"start":{},"end":{}}],"line":155},"19":{"loc":{"start":{"line":162,"column":2},"end":{"line":164,"column":null}},"type":"if","locations":[{"start":{"line":162,"column":2},"end":{"line":164,"column":null}},{"start":{},"end":{}}],"line":162}},"s":{"0":4,"1":4,"2":4,"3":4,"4":4,"5":4,"6":4,"7":1,"8":1,"9":3,"10":4,"11":3,"12":0,"13":0,"14":3,"15":4,"16":3,"17":3,"18":0,"19":3,"20":4,"21":3,"22":3,"23":2,"24":2,"25":0,"26":0,"27":2,"28":1,"29":1,"30":4,"31":3,"32":0,"33":3,"34":0,"35":3,"36":3,"37":3,"38":1,"39":1,"40":2,"41":0,"42":0,"43":2,"44":4,"45":4,"46":4,"47":4,"48":1,"49":3,"50":3,"51":0,"52":3,"53":3,"54":0,"55":3,"56":3,"57":3,"58":0,"59":3,"60":3,"61":0,"62":3,"63":3,"64":3,"65":1,"66":2,"67":0,"68":2,"69":2,"70":2,"71":2,"72":2},"f":{"0":4,"1":4,"2":4,"3":3,"4":3,"5":3,"6":3,"7":4},"b":{"0":[4,4],"1":[4,4],"2":[4,4],"3":[1,3],"4":[0,3],"5":[0,3],"6":[2,1],"7":[0,2],"8":[0,3],"9":[0,3],"10":[1,2],"11":[0,2],"12":[1,3],"13":[0,3],"14":[0,3],"15":[0,3],"16":[0,3],"17":[1,2],"18":[0,2],"19":[2,0]},"meta":{"lastBranch":20,"lastFunction":8,"lastStatement":73,"seen":{"s:24:20:25:Infinity":0,"f:24:20:24:21":0,"s:25:2:25:Infinity":1,"b:25:2:25:67:25:67:25:Infinity":0,"s:27:26:30:Infinity":2,"f:27:26:27:27":1,"s:27:69:30:Infinity":3,"b:28:13:28:52:28:52:28:Infinity":1,"s:32:25:47:Infinity":4,"f:32:25:32:32":2,"s:33:20:36:Infinity":5,"b:33:63:33:77:33:77:33:86":2,"b:38:2:44:Infinity:undefined:undefined:undefined:undefined":3,"s:38:2:44:Infinity":6,"s:39:4:39:Infinity":7,"s:40:4:43:Infinity":8,"s:46:2:46:Infinity":9,"s:49:26:55:Infinity":10,"f:49:26:49:27":3,"b:50:2:53:Infinity:undefined:undefined:undefined:undefined":4,"s:50:2:53:Infinity":11,"s:51:4:51:Infinity":12,"s:52:4:52:Infinity":13,"s:54:2:54:Infinity":14,"s:57:24:63:Infinity":15,"f:57:24:57:25":4,"s:58:18:58:Infinity":16,"b:59:2:61:Infinity:undefined:undefined:undefined:undefined":5,"s:59:2:61:Infinity":17,"s:60:4:60:Infinity":18,"s:62:2:62:Infinity":19,"s:65:26:91:Infinity":20,"f:65:26:65:27":5,"s:66:8:74:Infinity":21,"b:75:2:87:Infinity:undefined:undefined:undefined:undefined":6,"s:75:2:87:Infinity":22,"s:76:10:76:Infinity":23,"b:77:4:85:Infinity:undefined:undefined:undefined:undefined":7,"s:77:4:85:Infinity":24,"s:78:6:83:Infinity":25,"s:84:6:84:Infinity":26,"s:86:4:86:Infinity":27,"s:89:2:89:Infinity":28,"s:90:2:90:Infinity":29,"s:93:35:124:Infinity":30,"f:93:35:93:Infinity":6,"b:99:2:101:Infinity:undefined:undefined:undefined:undefined":8,"s:99:2:101:Infinity":31,"s:100:4:100:Infinity":32,"b:103:2:105:Infinity:undefined:undefined:undefined:undefined":9,"s:103:2:105:Infinity":33,"s:104:4:104:Infinity":34,"s:107:8:107:Infinity":35,"s:108:24:108:Infinity":36,"b:109:2:112:Infinity:undefined:undefined:undefined:undefined":10,"s:109:2:112:Infinity":37,"s:110:4:110:Infinity":38,"s:111:4:111:Infinity":39,"b:113:2:121:Infinity:undefined:undefined:undefined:undefined":11,"s:113:2:121:Infinity":40,"s:114:4:119:Infinity":41,"s:120:4:120:Infinity":42,"s:123:2:123:Infinity":43,"f:126:22:126:27":7,"s:127:18:127:Infinity":44,"s:128:18:128:Infinity":45,"s:130:28:130:Infinity":46,"b:131:2:131:Infinity:undefined:undefined:undefined:undefined":12,"s:131:2:131:Infinity":47,"s:131:25:131:Infinity":48,"s:133:28:137:Infinity":49,"b:138:2:138:Infinity:undefined:undefined:undefined:undefined":13,"s:138:2:138:Infinity":50,"s:138:25:138:Infinity":51,"s:140:24:140:Infinity":52,"b:141:2:141:Infinity:undefined:undefined:undefined:undefined":14,"s:141:2:141:Infinity":53,"s:141:35:141:Infinity":54,"s:142:22:142:Infinity":55,"s:144:28:144:Infinity":56,"b:145:2:145:Infinity:undefined:undefined:undefined:undefined":15,"s:145:2:145:Infinity":57,"s:145:25:145:Infinity":58,"s:147:8:147:Infinity":59,"b:148:2:150:Infinity:undefined:undefined:undefined:undefined":16,"s:148:2:150:Infinity":60,"s:149:4:149:Infinity":61,"s:152:23:152:Infinity":62,"s:153:25:153:Infinity":63,"b:154:2:154:Infinity:undefined:undefined:undefined:undefined":17,"s:154:2:154:Infinity":64,"s:154:22:154:Infinity":65,"b:155:2:157:Infinity:undefined:undefined:undefined:undefined":18,"s:155:2:157:Infinity":66,"s:156:4:156:Infinity":67,"s:159:8:159:Infinity":68,"s:160:2:160:Infinity":69,"b:162:2:164:Infinity:undefined:undefined:undefined:undefined":19,"s:162:2:164:Infinity":70,"s:163:4:163:Infinity":71,"s:166:2:166:Infinity":72}}}
,"/Users/ryanlaubscher/Projects/ChipIn/src/app/health/live/route.ts": {"path":"/Users/ryanlaubscher/Projects/ChipIn/src/app/health/live/route.ts","statementMap":{"0":{"start":{"line":6,"column":2},"end":{"line":10,"column":null}}},"fnMap":{"0":{"name":"GET","decl":{"start":{"line":5,"column":22},"end":{"line":5,"column":28}},"loc":{"start":{"line":5,"column":28},"end":{"line":11,"column":null}},"line":5}},"branchMap":{},"s":{"0":1},"f":{"0":1},"b":{},"meta":{"lastBranch":0,"lastFunction":1,"lastStatement":1,"seen":{"f:5:22:5:28":0,"s:6:2:10:Infinity":0}}}
,"/Users/ryanlaubscher/Projects/ChipIn/src/app/health/ready/route.ts": {"path":"/Users/ryanlaubscher/Projects/ChipIn/src/app/health/ready/route.ts","statementMap":{"0":{"start":{"line":14,"column":53},"end":{"line":21,"column":null}},"1":{"start":{"line":22,"column":17},"end":{"line":22,"column":null}},"2":{"start":{"line":23,"column":13},"end":{"line":23,"column":null}},"3":{"start":{"line":23,"column":52},"end":{"line":23,"column":60}},"4":{"start":{"line":25,"column":2},"end":{"line":33,"column":null}}},"fnMap":{"0":{"name":"GET","decl":{"start":{"line":13,"column":22},"end":{"line":13,"column":28}},"loc":{"start":{"line":13,"column":28},"end":{"line":34,"column":null}},"line":13},"1":{"name":"(anonymous_1)","decl":{"start":{"line":23,"column":41},"end":{"line":23,"column":42}},"loc":{"start":{"line":23,"column":52},"end":{"line":23,"column":60}},"line":23}},"branchMap":{"0":{"loc":{"start":{"line":27,"column":14},"end":{"line":27,"column":null}},"type":"cond-expr","locations":[{"start":{"line":27,"column":19},"end":{"line":27,"column":29}},{"start":{"line":27,"column":29},"end":{"line":27,"column":null}}],"line":27},"1":{"loc":{"start":{"line":32,"column":14},"end":{"line":32,"column":29}},"type":"cond-expr","locations":[{"start":{"line":32,"column":19},"end":{"line":32,"column":25}},{"start":{"line":32,"column":25},"end":{"line":32,"column":29}}],"line":32}},"s":{"0":2,"1":2,"2":2,"3":7,"4":2},"f":{"0":2,"1":7},"b":{"0":[1,1],"1":[1,1]},"meta":{"lastBranch":2,"lastFunction":2,"lastStatement":5,"seen":{"f:13:22:13:28":0,"s:14:53:21:Infinity":0,"s:22:17:22:Infinity":1,"s:23:13:23:Infinity":2,"f:23:41:23:42":1,"s:23:52:23:60":3,"s:25:2:33:Infinity":4,"b:27:19:27:29:27:29:27:Infinity":0,"b:32:19:32:25:32:25:32:29":1}}}
,"/Users/ryanlaubscher/Projects/ChipIn/src/lib/api/auth.ts": {"path":"/Users/ryanlaubscher/Projects/ChipIn/src/lib/api/auth.ts","statementMap":{"0":{"start":{"line":31,"column":22},"end":{"line":31,"column":null}},"1":{"start":{"line":33,"column":30},"end":{"line":33,"column":null}},"2":{"start":{"line":33,"column":49},"end":{"line":33,"column":null}},"3":{"start":{"line":35,"column":31},"end":{"line":35,"column":null}},"4":{"start":{"line":35,"column":53},"end":{"line":35,"column":null}},"5":{"start":{"line":37,"column":24},"end":{"line":38,"column":null}},"6":{"start":{"line":38,"column":2},"end":{"line":38,"column":null}},"7":{"start":{"line":40,"column":26},"end":{"line":41,"column":null}},"8":{"start":{"line":40,"column":27},"end":{"line":41,"column":null}},"9":{"start":{"line":43,"column":31},"end":{"line":46,"column":null}},"10":{"start":{"line":44,"column":24},"end":{"line":44,"column":null}},"11":{"start":{"line":45,"column":2},"end":{"line":45,"column":null}},"12":{"start":{"line":48,"column":27},"end":{"line":53,"column":null}},"13":{"start":{"line":49,"column":2},"end":{"line":49,"column":null}},"14":{"start":{"line":49,"column":42},"end":{"line":49,"column":null}},"15":{"start":{"line":50,"column":16},"end":{"line":50,"column":null}},"16":{"start":{"line":51,"column":2},"end":{"line":51,"column":null}},"17":{"start":{"line":51,"column":34},"end":{"line":51,"column":null}},"18":{"start":{"line":52,"column":2},"end":{"line":52,"column":null}},"19":{"start":{"line":55,"column":29},"end":{"line":99,"column":null}},"20":{"start":{"line":59,"column":17},"end":{"line":59,"column":null}},"21":{"start":{"line":60,"column":2},"end":{"line":69,"column":null}},"22":{"start":{"line":61,"column":4},"end":{"line":68,"column":null}},"23":{"start":{"line":71,"column":17},"end":{"line":74,"column":null}},"24":{"start":{"line":76,"column":2},"end":{"line":85,"column":null}},"25":{"start":{"line":77,"column":4},"end":{"line":84,"column":null}},"26":{"start":{"line":87,"column":2},"end":{"line":96,"column":null}},"27":{"start":{"line":88,"column":4},"end":{"line":95,"column":null}},"28":{"start":{"line":98,"column":2},"end":{"line":98,"column":null}}},"fnMap":{"0":{"name":"(anonymous_0)","decl":{"start":{"line":33,"column":30},"end":{"line":33,"column":31}},"loc":{"start":{"line":33,"column":49},"end":{"line":33,"column":null}},"line":33},"1":{"name":"(anonymous_1)","decl":{"start":{"line":35,"column":31},"end":{"line":35,"column":32}},"loc":{"start":{"line":35,"column":53},"end":{"line":35,"column":null}},"line":35},"2":{"name":"(anonymous_2)","decl":{"start":{"line":37,"column":24},"end":{"line":37,"column":25}},"loc":{"start":{"line":38,"column":2},"end":{"line":38,"column":null}},"line":38},"3":{"name":"(anonymous_3)","decl":{"start":{"line":40,"column":26},"end":{"line":40,"column":27}},"loc":{"start":{"line":40,"column":27},"end":{"line":41,"column":null}},"line":40},"4":{"name":"(anonymous_4)","decl":{"start":{"line":43,"column":31},"end":{"line":43,"column":32}},"loc":{"start":{"line":43,"column":50},"end":{"line":46,"column":null}},"line":43},"5":{"name":"(anonymous_5)","decl":{"start":{"line":48,"column":27},"end":{"line":48,"column":28}},"loc":{"start":{"line":48,"column":59},"end":{"line":53,"column":null}},"line":48},"6":{"name":"(anonymous_6)","decl":{"start":{"line":55,"column":29},"end":{"line":55,"column":null}},"loc":{"start":{"line":58,"column":29},"end":{"line":99,"column":null}},"line":58}},"branchMap":{"0":{"loc":{"start":{"line":49,"column":2},"end":{"line":49,"column":null}},"type":"if","locations":[{"start":{"line":49,"column":2},"end":{"line":49,"column":null}},{"start":{},"end":{}}],"line":49},"1":{"loc":{"start":{"line":51,"column":2},"end":{"line":51,"column":null}},"type":"if","locations":[{"start":{"line":51,"column":2},"end":{"line":51,"column":null}},{"start":{},"end":{}}],"line":51},"2":{"loc":{"start":{"line":60,"column":2},"end":{"line":69,"column":null}},"type":"if","locations":[{"start":{"line":60,"column":2},"end":{"line":69,"column":null}},{"start":{},"end":{}}],"line":60},"3":{"loc":{"start":{"line":76,"column":2},"end":{"line":85,"column":null}},"type":"if","locations":[{"start":{"line":76,"column":2},"end":{"line":85,"column":null}},{"start":{},"end":{}}],"line":76},"4":{"loc":{"start":{"line":76,"column":6},"end":{"line":76,"column":35}},"type":"binary-expr","locations":[{"start":{"line":76,"column":6},"end":{"line":76,"column":17}},{"start":{"line":76,"column":17},"end":{"line":76,"column":35}}],"line":76},"5":{"loc":{"start":{"line":87,"column":2},"end":{"line":96,"column":null}},"type":"if","locations":[{"start":{"line":87,"column":2},"end":{"line":96,"column":null}},{"start":{},"end":{}}],"line":87}},"s":{"0":4,"1":4,"2":4,"3":4,"4":2,"5":4,"6":2,"7":4,"8":2,"9":4,"10":3,"11":3,"12":4,"13":4,"14":1,"15":3,"16":3,"17":0,"18":3,"19":4,"20":3,"21":3,"22":1,"23":2,"24":2,"25":0,"26":2,"27":1,"28":1},"f":{"0":4,"1":2,"2":2,"3":2,"4":3,"5":4,"6":3},"b":{"0":[1,3],"1":[0,3],"2":[1,2],"3":[0,2],"4":[2,2],"5":[1,1]},"meta":{"lastBranch":6,"lastFunction":7,"lastStatement":29,"seen":{"s:31:22:31:Infinity":0,"s:33:30:33:Infinity":1,"f:33:30:33:31":0,"s:33:49:33:Infinity":2,"s:35:31:35:Infinity":3,"f:35:31:35:32":1,"s:35:53:35:Infinity":4,"s:37:24:38:Infinity":5,"f:37:24:37:25":2,"s:38:2:38:Infinity":6,"s:40:26:41:Infinity":7,"f:40:26:40:27":3,"s:40:27:41:Infinity":8,"s:43:31:46:Infinity":9,"f:43:31:43:32":4,"s:44:24:44:Infinity":10,"s:45:2:45:Infinity":11,"s:48:27:53:Infinity":12,"f:48:27:48:28":5,"b:49:2:49:Infinity:undefined:undefined:undefined:undefined":0,"s:49:2:49:Infinity":13,"s:49:42:49:Infinity":14,"s:50:16:50:Infinity":15,"b:51:2:51:Infinity:undefined:undefined:undefined:undefined":1,"s:51:2:51:Infinity":16,"s:51:34:51:Infinity":17,"s:52:2:52:Infinity":18,"s:55:29:99:Infinity":19,"f:55:29:55:Infinity":6,"s:59:17:59:Infinity":20,"b:60:2:69:Infinity:undefined:undefined:undefined:undefined":2,"s:60:2:69:Infinity":21,"s:61:4:68:Infinity":22,"s:71:17:74:Infinity":23,"b:76:2:85:Infinity:undefined:undefined:undefined:undefined":3,"s:76:2:85:Infinity":24,"b:76:6:76:17:76:17:76:35":4,"s:77:4:84:Infinity":25,"b:87:2:96:Infinity:undefined:undefined:undefined:undefined":5,"s:87:2:96:Infinity":26,"s:88:4:95:Infinity":27,"s:98:2:98:Infinity":28}}}
,"/Users/ryanlaubscher/Projects/ChipIn/src/lib/api/dream-boards.ts": {"path":"/Users/ryanlaubscher/Projects/ChipIn/src/lib/api/dream-boards.ts","statementMap":{"0":{"start":{"line":28,"column":19},"end":{"line":31,"column":null}},"1":{"start":{"line":29,"column":15},"end":{"line":29,"column":null}},"2":{"start":{"line":30,"column":2},"end":{"line":30,"column":null}},"3":{"start":{"line":33,"column":20},"end":{"line":36,"column":null}},"4":{"start":{"line":34,"column":15},"end":{"line":34,"column":null}},"5":{"start":{"line":35,"column":2},"end":{"line":35,"column":null}},"6":{"start":{"line":38,"column":28},"end":{"line":38,"column":null}},"7":{"start":{"line":38,"column":48},"end":{"line":38,"column":null}},"8":{"start":{"line":40,"column":26},"end":{"line":60,"column":null}},"9":{"start":{"line":41,"column":2},"end":{"line":50,"column":null}},"10":{"start":{"line":42,"column":19},"end":{"line":42,"column":null}},"11":{"start":{"line":43,"column":4},"end":{"line":43,"column":null}},"12":{"start":{"line":43,"column":25},"end":{"line":43,"column":null}},"13":{"start":{"line":44,"column":4},"end":{"line":49,"column":null}},"14":{"start":{"line":52,"column":17},"end":{"line":52,"column":null}},"15":{"start":{"line":53,"column":2},"end":{"line":53,"column":null}},"16":{"start":{"line":53,"column":23},"end":{"line":53,"column":null}},"17":{"start":{"line":54,"column":2},"end":{"line":59,"column":null}},"18":{"start":{"line":62,"column":34},"end":{"line":71,"column":null}},"19":{"start":{"line":63,"column":2},"end":{"line":63,"column":null}},"20":{"start":{"line":63,"column":25},"end":{"line":63,"column":null}},"21":{"start":{"line":64,"column":17},"end":{"line":64,"column":null}},"22":{"start":{"line":65,"column":2},"end":{"line":65,"column":null}},"23":{"start":{"line":65,"column":23},"end":{"line":65,"column":null}},"24":{"start":{"line":66,"column":2},"end":{"line":70,"column":null}},"25":{"start":{"line":73,"column":35},"end":{"line":117,"column":null}},"26":{"start":{"line":74,"column":19},"end":{"line":74,"column":null}},"27":{"start":{"line":75,"column":2},"end":{"line":75,"column":null}},"28":{"start":{"line":75,"column":17},"end":{"line":75,"column":null}},"29":{"start":{"line":77,"column":27},"end":{"line":77,"column":null}},"30":{"start":{"line":78,"column":2},"end":{"line":78,"column":null}},"31":{"start":{"line":78,"column":66},"end":{"line":78,"column":null}},"32":{"start":{"line":79,"column":30},"end":{"line":90,"column":null}},"33":{"start":{"line":92,"column":20},"end":{"line":92,"column":null}},"34":{"start":{"line":93,"column":24},"end":{"line":93,"column":null}},"35":{"start":{"line":95,"column":2},"end":{"line":116,"column":null}}},"fnMap":{"0":{"name":"(anonymous_0)","decl":{"start":{"line":28,"column":19},"end":{"line":28,"column":20}},"loc":{"start":{"line":28,"column":45},"end":{"line":31,"column":null}},"line":28},"1":{"name":"(anonymous_1)","decl":{"start":{"line":33,"column":20},"end":{"line":33,"column":21}},"loc":{"start":{"line":33,"column":46},"end":{"line":36,"column":null}},"line":33},"2":{"name":"(anonymous_2)","decl":{"start":{"line":38,"column":28},"end":{"line":38,"column":29}},"loc":{"start":{"line":38,"column":48},"end":{"line":38,"column":null}},"line":38},"3":{"name":"(anonymous_3)","decl":{"start":{"line":40,"column":26},"end":{"line":40,"column":27}},"loc":{"start":{"line":40,"column":58},"end":{"line":60,"column":null}},"line":40},"4":{"name":"(anonymous_4)","decl":{"start":{"line":62,"column":34},"end":{"line":62,"column":35}},"loc":{"start":{"line":62,"column":72},"end":{"line":71,"column":null}},"line":62},"5":{"name":"(anonymous_5)","decl":{"start":{"line":73,"column":35},"end":{"line":73,"column":36}},"loc":{"start":{"line":73,"column":84},"end":{"line":117,"column":null}},"line":73}},"branchMap":{"0":{"loc":{"start":{"line":29,"column":15},"end":{"line":29,"column":null}},"type":"cond-expr","locations":[{"start":{"line":29,"column":39},"end":{"line":29,"column":47}},{"start":{"line":29,"column":47},"end":{"line":29,"column":null}}],"line":29},"1":{"loc":{"start":{"line":34,"column":15},"end":{"line":34,"column":null}},"type":"cond-expr","locations":[{"start":{"line":34,"column":39},"end":{"line":34,"column":47}},{"start":{"line":34,"column":47},"end":{"line":34,"column":null}}],"line":34},"2":{"loc":{"start":{"line":38,"column":48},"end":{"line":38,"column":null}},"type":"cond-expr","locations":[{"start":{"line":38,"column":70},"end":{"line":38,"column":78}},{"start":{"line":38,"column":78},"end":{"line":38,"column":null}}],"line":38},"3":{"loc":{"start":{"line":41,"column":2},"end":{"line":50,"column":null}},"type":"if","locations":[{"start":{"line":41,"column":2},"end":{"line":50,"column":null}},{"start":{},"end":{}}],"line":41},"4":{"loc":{"start":{"line":43,"column":4},"end":{"line":43,"column":null}},"type":"if","locations":[{"start":{"line":43,"column":4},"end":{"line":43,"column":null}},{"start":{},"end":{}}],"line":43},"5":{"loc":{"start":{"line":53,"column":2},"end":{"line":53,"column":null}},"type":"if","locations":[{"start":{"line":53,"column":2},"end":{"line":53,"column":null}},{"start":{},"end":{}}],"line":53},"6":{"loc":{"start":{"line":63,"column":2},"end":{"line":63,"column":null}},"type":"if","locations":[{"start":{"line":63,"column":2},"end":{"line":63,"column":null}},{"start":{},"end":{}}],"line":63},"7":{"loc":{"start":{"line":65,"column":2},"end":{"line":65,"column":null}},"type":"if","locations":[{"start":{"line":65,"column":2},"end":{"line":65,"column":null}},{"start":{},"end":{}}],"line":65},"8":{"loc":{"start":{"line":75,"column":2},"end":{"line":75,"column":null}},"type":"if","locations":[{"start":{"line":75,"column":2},"end":{"line":75,"column":null}},{"start":{},"end":{}}],"line":75},"9":{"loc":{"start":{"line":78,"column":2},"end":{"line":78,"column":null}},"type":"if","locations":[{"start":{"line":78,"column":2},"end":{"line":78,"column":null}},{"start":{},"end":{}}],"line":78},"10":{"loc":{"start":{"line":78,"column":6},"end":{"line":78,"column":66}},"type":"binary-expr","locations":[{"start":{"line":78,"column":6},"end":{"line":78,"column":47}},{"start":{"line":78,"column":47},"end":{"line":78,"column":66}}],"line":78},"11":{"loc":{"start":{"line":83,"column":22},"end":{"line":89,"column":null}},"type":"cond-expr","locations":[{"start":{"line":84,"column":8},"end":{"line":88,"column":null}},{"start":{"line":89,"column":8},"end":{"line":89,"column":null}}],"line":83},"12":{"loc":{"start":{"line":111,"column":18},"end":{"line":111,"column":null}},"type":"cond-expr","locations":[{"start":{"line":111,"column":40},"end":{"line":111,"column":52}},{"start":{"line":111,"column":52},"end":{"line":111,"column":null}}],"line":111}},"s":{"0":6,"1":2,"2":2,"3":6,"4":6,"5":6,"6":6,"7":2,"8":6,"9":2,"10":1,"11":1,"12":0,"13":1,"14":1,"15":1,"16":0,"17":1,"18":6,"19":2,"20":1,"21":1,"22":1,"23":0,"24":1,"25":6,"26":2,"27":2,"28":0,"29":2,"30":2,"31":0,"32":2,"33":2,"34":2,"35":2},"f":{"0":2,"1":6,"2":2,"3":2,"4":2,"5":2},"b":{"0":[2,0],"1":[6,0],"2":[0,2],"3":[1,1],"4":[0,1],"5":[0,1],"6":[1,1],"7":[0,1],"8":[0,2],"9":[0,2],"10":[2,1],"11":[1,1],"12":[0,2]},"meta":{"lastBranch":13,"lastFunction":6,"lastStatement":36,"seen":{"s:28:19:31:Infinity":0,"f:28:19:28:20":0,"s:29:15:29:Infinity":1,"b:29:39:29:47:29:47:29:Infinity":0,"s:30:2:30:Infinity":2,"s:33:20:36:Infinity":3,"f:33:20:33:21":1,"s:34:15:34:Infinity":4,"b:34:39:34:47:34:47:34:Infinity":1,"s:35:2:35:Infinity":5,"s:38:28:38:Infinity":6,"f:38:28:38:29":2,"s:38:48:38:Infinity":7,"b:38:70:38:78:38:78:38:Infinity":2,"s:40:26:60:Infinity":8,"f:40:26:40:27":3,"b:41:2:50:Infinity:undefined:undefined:undefined:undefined":3,"s:41:2:50:Infinity":9,"s:42:19:42:Infinity":10,"b:43:4:43:Infinity:undefined:undefined:undefined:undefined":4,"s:43:4:43:Infinity":11,"s:43:25:43:Infinity":12,"s:44:4:49:Infinity":13,"s:52:17:52:Infinity":14,"b:53:2:53:Infinity:undefined:undefined:undefined:undefined":5,"s:53:2:53:Infinity":15,"s:53:23:53:Infinity":16,"s:54:2:59:Infinity":17,"s:62:34:71:Infinity":18,"f:62:34:62:35":4,"b:63:2:63:Infinity:undefined:undefined:undefined:undefined":6,"s:63:2:63:Infinity":19,"s:63:25:63:Infinity":20,"s:64:17:64:Infinity":21,"b:65:2:65:Infinity:undefined:undefined:undefined:undefined":7,"s:65:2:65:Infinity":22,"s:65:23:65:Infinity":23,"s:66:2:70:Infinity":24,"s:73:35:117:Infinity":25,"f:73:35:73:36":5,"s:74:19:74:Infinity":26,"b:75:2:75:Infinity:undefined:undefined:undefined:undefined":8,"s:75:2:75:Infinity":27,"s:75:17:75:Infinity":28,"s:77:27:77:Infinity":29,"b:78:2:78:Infinity:undefined:undefined:undefined:undefined":9,"s:78:2:78:Infinity":30,"b:78:6:78:47:78:47:78:66":10,"s:78:66:78:Infinity":31,"s:79:30:90:Infinity":32,"b:84:8:88:Infinity:89:8:89:Infinity":11,"s:92:20:92:Infinity":33,"s:93:24:93:Infinity":34,"s:95:2:116:Infinity":35,"b:111:40:111:52:111:52:111:Infinity":12}}}
,"/Users/ryanlaubscher/Projects/ChipIn/src/lib/api/rate-limit.ts": {"path":"/Users/ryanlaubscher/Projects/ChipIn/src/lib/api/rate-limit.ts","statementMap":{"0":{"start":{"line":3,"column":21},"end":{"line":3,"column":null}},"1":{"start":{"line":4,"column":23},"end":{"line":4,"column":null}},"2":{"start":{"line":14,"column":29},"end":{"line":14,"column":null}},"3":{"start":{"line":14,"column":53},"end":{"line":14,"column":null}},"4":{"start":{"line":16,"column":37},"end":{"line":25,"column":null}},"5":{"start":{"line":17,"column":18},"end":{"line":17,"column":null}},"6":{"start":{"line":18,"column":2},"end":{"line":18,"column":null}},"7":{"start":{"line":19,"column":2},"end":{"line":19,"column":null}},"8":{"start":{"line":20,"column":2},"end":{"line":20,"column":null}},"9":{"start":{"line":21,"column":2},"end":{"line":23,"column":null}},"10":{"start":{"line":22,"column":4},"end":{"line":22,"column":null}},"11":{"start":{"line":24,"column":2},"end":{"line":24,"column":null}},"12":{"start":{"line":27,"column":35},"end":{"line":66,"column":null}},"13":{"start":{"line":32,"column":18},"end":{"line":32,"column":null}},"14":{"start":{"line":33,"column":20},"end":{"line":33,"column":null}},"15":{"start":{"line":35,"column":35},"end":{"line":38,"column":null}},"16":{"start":{"line":40,"column":2},"end":{"line":42,"column":null}},"17":{"start":{"line":41,"column":4},"end":{"line":41,"column":null}},"18":{"start":{"line":43,"column":2},"end":{"line":45,"column":null}},"19":{"start":{"line":44,"column":4},"end":{"line":44,"column":null}},"20":{"start":{"line":47,"column":31},"end":{"line":47,"column":null}},"21":{"start":{"line":48,"column":20},"end":{"line":48,"column":null}},"22":{"start":{"line":49,"column":23},"end":{"line":49,"column":null}},"23":{"start":{"line":50,"column":25},"end":{"line":50,"column":null}},"24":{"start":{"line":51,"column":18},"end":{"line":51,"column":null}},"25":{"start":{"line":52,"column":27},"end":{"line":52,"column":null}},"26":{"start":{"line":53,"column":29},"end":{"line":53,"column":null}},"27":{"start":{"line":54,"column":31},"end":{"line":54,"column":null}},"28":{"start":{"line":55,"column":23},"end":{"line":55,"column":null}},"29":{"start":{"line":56,"column":28},"end":{"line":56,"column":null}},"30":{"start":{"line":57,"column":16},"end":{"line":57,"column":null}},"31":{"start":{"line":59,"column":2},"end":{"line":65,"column":null}}},"fnMap":{"0":{"name":"(anonymous_0)","decl":{"start":{"line":14,"column":29},"end":{"line":14,"column":30}},"loc":{"start":{"line":14,"column":53},"end":{"line":14,"column":null}},"line":14},"1":{"name":"(anonymous_1)","decl":{"start":{"line":16,"column":37},"end":{"line":16,"column":38}},"loc":{"start":{"line":16,"column":69},"end":{"line":25,"column":null}},"line":16},"2":{"name":"(anonymous_2)","decl":{"start":{"line":27,"column":35},"end":{"line":27,"column":42}},"loc":{"start":{"line":31,"column":35},"end":{"line":66,"column":null}},"line":31}},"branchMap":{"0":{"loc":{"start":{"line":14,"column":53},"end":{"line":14,"column":null}},"type":"cond-expr","locations":[{"start":{"line":14,"column":74},"end":{"line":14,"column":80}},{"start":{"line":14,"column":80},"end":{"line":14,"column":null}}],"line":14},"1":{"loc":{"start":{"line":21,"column":2},"end":{"line":23,"column":null}},"type":"if","locations":[{"start":{"line":21,"column":2},"end":{"line":23,"column":null}},{"start":{},"end":{}}],"line":21},"2":{"loc":{"start":{"line":40,"column":2},"end":{"line":42,"column":null}},"type":"if","locations":[{"start":{"line":40,"column":2},"end":{"line":42,"column":null}},{"start":{},"end":{}}],"line":40},"3":{"loc":{"start":{"line":43,"column":2},"end":{"line":45,"column":null}},"type":"if","locations":[{"start":{"line":43,"column":2},"end":{"line":45,"column":null}},{"start":{},"end":{}}],"line":43},"4":{"loc":{"start":{"line":51,"column":18},"end":{"line":51,"column":null}},"type":"binary-expr","locations":[{"start":{"line":51,"column":18},"end":{"line":51,"column":35}},{"start":{"line":51,"column":35},"end":{"line":51,"column":null}}],"line":51},"5":{"loc":{"start":{"line":52,"column":27},"end":{"line":52,"column":null}},"type":"cond-expr","locations":[{"start":{"line":52,"column":41},"end":{"line":52,"column":51}},{"start":{"line":52,"column":51},"end":{"line":52,"column":null}}],"line":52},"6":{"loc":{"start":{"line":53,"column":29},"end":{"line":53,"column":null}},"type":"cond-expr","locations":[{"start":{"line":53,"column":45},"end":{"line":53,"column":57}},{"start":{"line":53,"column":57},"end":{"line":53,"column":null}}],"line":53},"7":{"loc":{"start":{"line":54,"column":31},"end":{"line":54,"column":null}},"type":"cond-expr","locations":[{"start":{"line":54,"column":46},"end":{"line":54,"column":65}},{"start":{"line":54,"column":65},"end":{"line":54,"column":null}}],"line":54},"8":{"loc":{"start":{"line":55,"column":23},"end":{"line":55,"column":null}},"type":"cond-expr","locations":[{"start":{"line":55,"column":33},"end":{"line":55,"column":52}},{"start":{"line":55,"column":52},"end":{"line":55,"column":null}}],"line":55},"9":{"loc":{"start":{"line":56,"column":28},"end":{"line":56,"column":null}},"type":"cond-expr","locations":[{"start":{"line":56,"column":38},"end":{"line":56,"column":50}},{"start":{"line":56,"column":50},"end":{"line":56,"column":null}}],"line":56}},"s":{"0":7,"1":7,"2":7,"3":6,"4":7,"5":6,"6":6,"7":6,"8":6,"9":6,"10":2,"11":6,"12":7,"13":2,"14":2,"15":2,"16":2,"17":0,"18":2,"19":0,"20":2,"21":2,"22":2,"23":2,"24":2,"25":2,"26":2,"27":2,"28":2,"29":2,"30":2,"31":2},"f":{"0":6,"1":6,"2":2},"b":{"0":[0,6],"1":[2,4],"2":[0,2],"3":[0,2],"4":[2,1],"5":[2,0],"6":[2,0],"7":[1,1],"8":[0,2],"9":[0,2]},"meta":{"lastBranch":10,"lastFunction":3,"lastStatement":32,"seen":{"s:3:21:3:Infinity":0,"s:4:23:4:Infinity":1,"s:14:29:14:Infinity":2,"f:14:29:14:30":0,"s:14:53:14:Infinity":3,"b:14:74:14:80:14:80:14:Infinity":0,"s:16:37:25:Infinity":4,"f:16:37:16:38":1,"s:17:18:17:Infinity":5,"s:18:2:18:Infinity":6,"s:19:2:19:Infinity":7,"s:20:2:20:Infinity":8,"b:21:2:23:Infinity:undefined:undefined:undefined:undefined":1,"s:21:2:23:Infinity":9,"s:22:4:22:Infinity":10,"s:24:2:24:Infinity":11,"s:27:35:66:Infinity":12,"f:27:35:27:42":2,"s:32:18:32:Infinity":13,"s:33:20:33:Infinity":14,"s:35:35:38:Infinity":15,"b:40:2:42:Infinity:undefined:undefined:undefined:undefined":2,"s:40:2:42:Infinity":16,"s:41:4:41:Infinity":17,"b:43:2:45:Infinity:undefined:undefined:undefined:undefined":3,"s:43:2:45:Infinity":18,"s:44:4:44:Infinity":19,"s:47:31:47:Infinity":20,"s:48:20:48:Infinity":21,"s:49:23:49:Infinity":22,"s:50:25:50:Infinity":23,"s:51:18:51:Infinity":24,"b:51:18:51:35:51:35:51:Infinity":4,"s:52:27:52:Infinity":25,"b:52:41:52:51:52:51:52:Infinity":5,"s:53:29:53:Infinity":26,"b:53:45:53:57:53:57:53:Infinity":6,"s:54:31:54:Infinity":27,"b:54:46:54:65:54:65:54:Infinity":7,"s:55:23:55:Infinity":28,"b:55:33:55:52:55:52:55:Infinity":8,"s:56:28:56:Infinity":29,"b:56:38:56:50:56:50:56:Infinity":9,"s:57:16:57:Infinity":30,"s:59:2:65:Infinity":31}}}
,"/Users/ryanlaubscher/Projects/ChipIn/src/lib/api/response.ts": {"path":"/Users/ryanlaubscher/Projects/ChipIn/src/lib/api/response.ts","statementMap":{"0":{"start":{"line":22,"column":28},"end":{"line":25,"column":null}},"1":{"start":{"line":22,"column":61},"end":{"line":25,"column":null}},"2":{"start":{"line":27,"column":27},"end":{"line":39,"column":null}},"3":{"start":{"line":33,"column":2},"end":{"line":39,"column":null}},"4":{"start":{"line":41,"column":25},"end":{"line":53,"column":null}},"5":{"start":{"line":47,"column":2},"end":{"line":53,"column":null}}},"fnMap":{"0":{"name":"(anonymous_0)","decl":{"start":{"line":22,"column":28},"end":{"line":22,"column":29}},"loc":{"start":{"line":22,"column":61},"end":{"line":25,"column":null}},"line":22},"1":{"name":"(anonymous_1)","decl":{"start":{"line":27,"column":27},"end":{"line":27,"column":31}},"loc":{"start":{"line":33,"column":2},"end":{"line":39,"column":null}},"line":33},"2":{"name":"(anonymous_2)","decl":{"start":{"line":41,"column":25},"end":{"line":41,"column":26}},"loc":{"start":{"line":47,"column":2},"end":{"line":53,"column":null}},"line":47}},"branchMap":{"0":{"loc":{"start":{"line":38,"column":14},"end":{"line":38,"column":36}},"type":"binary-expr","locations":[{"start":{"line":38,"column":14},"end":{"line":38,"column":31}},{"start":{"line":38,"column":31},"end":{"line":38,"column":36}}],"line":38}},"s":{"0":6,"1":6,"2":6,"3":2,"4":6,"5":4},"f":{"0":6,"1":2,"2":4},"b":{"0":[2,2]},"meta":{"lastBranch":1,"lastFunction":3,"lastStatement":6,"seen":{"s:22:28:25:Infinity":0,"f:22:28:22:29":0,"s:22:61:25:Infinity":1,"s:27:27:39:Infinity":2,"f:27:27:27:31":1,"s:33:2:39:Infinity":3,"b:38:14:38:31:38:31:38:36":0,"s:41:25:53:Infinity":4,"f:41:25:41:26":2,"s:47:2:53:Infinity":5}}}
[...]
lumn":null}}],"line":75},"8":{"loc":{"start":{"line":94,"column":2},"end":{"line":94,"column":null}},"type":"if","locations":[{"start":{"line":94,"column":2},"end":{"line":94,"column":null}},{"start":{},"end":{}}],"line":94},"9":{"loc":{"start":{"line":103,"column":2},"end":{"line":117,"column":null}},"type":"if","locations":[{"start":{"line":103,"column":2},"end":{"line":117,"column":null}},{"start":{},"end":{}}],"line":103},"10":{"loc":{"start":{"line":103,"column":6},"end":{"line":103,"column":75}},"type":"binary-expr","locations":[{"start":{"line":103,"column":6},"end":{"line":103,"column":35}},{"start":{"line":103,"column":35},"end":{"line":103,"column":75}}],"line":103},"11":{"loc":{"start":{"line":119,"column":2},"end":{"line":130,"column":null}},"type":"if","locations":[{"start":{"line":119,"column":2},"end":{"line":130,"column":null}},{"start":{},"end":{}}],"line":119},"12":{"loc":{"start":{"line":119,"column":6},"end":{"line":119,"column":84}},"type":"binary-expr","locations":[{"start":{"line":119,"column":6},"end":{"line":119,"column":39}},{"start":{"line":119,"column":39},"end":{"line":119,"column":84}}],"line":119},"13":{"loc":{"start":{"line":140,"column":2},"end":{"line":142,"column":null}},"type":"if","locations":[{"start":{"line":140,"column":2},"end":{"line":142,"column":null}},{"start":{},"end":{}}],"line":140},"14":{"loc":{"start":{"line":153,"column":2},"end":{"line":155,"column":null}},"type":"if","locations":[{"start":{"line":153,"column":2},"end":{"line":155,"column":null}},{"start":{},"end":{}}],"line":153},"15":{"loc":{"start":{"line":167,"column":2},"end":{"line":169,"column":null}},"type":"if","locations":[{"start":{"line":167,"column":2},"end":{"line":169,"column":null}},{"start":{},"end":{}}],"line":167},"16":{"loc":{"start":{"line":191,"column":8},"end":{"line":193,"column":null}},"type":"if","locations":[{"start":{"line":191,"column":8},"end":{"line":193,"column":null}},{"start":{},"end":{}}],"line":191},"17":{"loc":{"start":{"line":221,"column":15},"end":{"line":221,"column":null}},"type":"cond-expr","locations":[{"start":{"line":221,"column":40},"end":{"line":221,"column":56}},{"start":{"line":221,"column":56},"end":{"line":221,"column":null}}],"line":221},"18":{"loc":{"start":{"line":250,"column":2},"end":{"line":252,"column":null}},"type":"if","locations":[{"start":{"line":250,"column":2},"end":{"line":252,"column":null}},{"start":{},"end":{}}],"line":250},"19":{"loc":{"start":{"line":254,"column":2},"end":{"line":256,"column":null}},"type":"if","locations":[{"start":{"line":254,"column":2},"end":{"line":256,"column":null}},{"start":{},"end":{}}],"line":254},"20":{"loc":{"start":{"line":291,"column":4},"end":{"line":296,"column":null}},"type":"if","locations":[{"start":{"line":291,"column":4},"end":{"line":296,"column":null}},{"start":{},"end":{}}],"line":291},"21":{"loc":{"start":{"line":291,"column":8},"end":{"line":291,"column":63}},"type":"binary-expr","locations":[{"start":{"line":291,"column":8},"end":{"line":291,"column":26}},{"start":{"line":291,"column":26},"end":{"line":291,"column":63}}],"line":291},"22":{"loc":{"start":{"line":313,"column":2},"end":{"line":315,"column":null}},"type":"if","locations":[{"start":{"line":313,"column":2},"end":{"line":315,"column":null}},{"start":{},"end":{}}],"line":313},"23":{"loc":{"start":{"line":317,"column":2},"end":{"line":319,"column":null}},"type":"if","locations":[{"start":{"line":317,"column":2},"end":{"line":319,"column":null}},{"start":{},"end":{}}],"line":317}},"s":{"0":3,"1":1,"2":0,"3":0,"4":0,"5":3,"6":1,"7":3,"8":3,"9":3,"10":1,"11":3,"12":1,"13":3,"14":1,"15":1,"16":0,"17":1,"18":1,"19":1,"20":1,"21":1,"22":1,"23":3,"24":3,"25":0,"26":3,"27":3,"28":2,"29":2,"30":1,"31":1,"32":1,"33":1,"34":0,"35":1,"36":1,"37":0,"38":1,"39":1,"40":1,"41":1,"42":2,"43":2,"44":0,"45":2,"46":2,"47":2,"48":0,"49":0,"50":0,"51":1,"52":1,"53":1,"54":0,"55":1,"56":0,"57":1,"58":1,"59":1,"60":1,"61":1,"62":1,"63":1,"64":0,"65":0,"66":0,"67":0,"68":0,"69":0,"70":0,"71":0,"72":0,"73":1},"f":{"0":1,"1":0,"2":1,"3":3,"4":1,"5":1,"6":3,"7":0,"8":1,"9":1,"10":1,"11":0,"12":0,"13":1},"b":{"0":[0,1],"1":[0,0],"2":[1,1],"3":[1,1],"4":[1,0],"5":[1,0],"6":[1,2],"7":[0,1],"8":[0,1],"9":[1,0],"10":[1,1],"11":[1,0],"12":[1,1],"13":[0,3],"14":[1,1],"15":[0,1],"16":[0,2],"17":[0,0],"18":[0,1],"19":[0,1],"20":[1,0],"21":[1,1],"22":[0,0],"23":[0,0]},"meta":{"lastBranch":24,"lastFunction":14,"lastStatement":74,"seen":{"s:23:32:49:Infinity":0,"f:23:32:23:33":0,"s:30:7:49:Infinity":1,"b:31:30:40:Infinity:41:6:45:Infinity":0,"f:32:7:32:13":1,"b:33:8:35:Infinity:undefined:undefined:undefined:undefined":1,"s:33:8:35:Infinity":2,"s:34:10:34:Infinity":3,"s:36:8:39:Infinity":4,"b:43:18:43:37:43:37:43:Infinity":2,"b:44:20:44:51:44:51:44:Infinity":3,"s:51:36:62:Infinity":5,"f:51:36:51:37":2,"s:55:7:62:Infinity":6,"b:59:11:59:47:59:47:59:Infinity":4,"b:61:20:61:47:61:47:61:Infinity":5,"s:64:25:69:Infinity":7,"f:64:25:64:26":3,"s:65:24:65:Infinity":8,"b:66:2:68:Infinity:undefined:undefined:undefined:undefined":6,"s:66:2:68:Infinity":9,"s:67:4:67:Infinity":10,"s:71:31:81:Infinity":11,"f:71:31:71:Infinity":4,"s:75:2:81:Infinity":12,"b:76:6:80:Infinity:81:6:81:Infinity":7,"s:83:25:133:Infinity":13,"f:83:25:83:26":5,"s:93:48:93:Infinity":14,"b:94:2:94:Infinity:undefined:undefined:undefined:undefined":8,"s:94:2:94:Infinity":15,"s:94:14:94:Infinity":16,"s:101:7:101:Infinity":17,"b:103:2:117:Infinity:undefined:undefined:undefined:undefined":9,"s:103:2:117:Infinity":18,"b:103:6:103:35:103:35:103:75":10,"s:104:4:116:Infinity":19,"b:119:2:130:Infinity:undefined:undefined:undefined:undefined":11,"s:119:2:130:Infinity":20,"b:119:6:119:39:119:39:119:84":12,"s:120:4:129:Infinity":21,"s:132:2:132:Infinity":22,"f:135:22:135:49":6,"s:139:16:139:Infinity":23,"b:140:2:142:Infinity:undefined:undefined:undefined:undefined":13,"s:140:2:142:Infinity":24,"s:141:4:141:Infinity":25,"s:144:2:144:Infinity":26,"s:146:17:146:Infinity":27,"s:147:8:151:Infinity":28,"b:153:2:155:Infinity:undefined:undefined:undefined:undefined":14,"s:153:2:155:Infinity":29,"s:154:4:154:Infinity":30,"s:157:30:157:Infinity":31,"s:159:19:159:Infinity":32,"s:160:24:160:Infinity":33,"f:160:45:160:46":7,"s:160:57:160:68":34,"s:161:22:165:Infinity":35,"b:167:2:169:Infinity:undefined:undefined:undefined:undefined":15,"s:167:2:169:Infinity":36,"s:168:4:168:Infinity":37,"s:171:62:171:Infinity":38,"s:173:2:225:Infinity":39,"s:174:4:217:Infinity":40,"f:174:25:174:32":8,"s:175:6:216:Infinity":41,"s:176:26:189:Infinity":42,"b:191:8:193:Infinity:undefined:undefined:undefined:undefined":16,"s:191:8:193:Infinity":43,"s:192:10:192:Infinity":44,"s:195:8:201:Infinity":45,"s:203:8:213:Infinity":46,"s:215:8:215:Infinity":47,"s:219:4:222:Infinity":48,"b:221:40:221:56:221:56:221:Infinity":17,"s:223:4:223:Infinity":49,"s:224:4:224:Infinity":50,"s:227:2:231:Infinity":51,"f:234:22:234:37":9,"s:239:19:248:Infinity":52,"b:250:2:252:Infinity:undefined:undefined:undefined:undefined":18,"s:250:2:252:Infinity":53,"s:251:4:251:Infinity":54,"b:254:2:256:Infinity:undefined:undefined:undefined:undefined":19,"s:254:2:256:Infinity":55,"s:255:4:255:Infinity":56,"s:258:2:297:Infinity":57,"f:258:23:258:30":10,"s:259:4:267:Infinity":58,"s:269:4:278:Infinity":59,"s:280:22:289:Infinity":60,"b:291:4:296:Infinity:undefined:undefined:undefined:undefined":20,"s:291:4:296:Infinity":61,"b:291:8:291:26:291:26:291:63":21,"s:292:6:295:Infinity":62,"s:299:2:299:Infinity":63,"f:302:22:302:33":11,"s:307:19:311:Infinity":64,"b:313:2:315:Infinity:undefined:undefined:undefined:undefined":22,"s:313:2:315:Infinity":65,"s:314:4:314:Infinity":66,"b:317:2:319:Infinity:undefined:undefined:undefined:undefined":23,"s:317:2:319:Infinity":67,"s:318:4:318:Infinity":68,"s:321:2:334:Infinity":69,"f:321:23:321:30":12,"s:322:4:325:Infinity":70,"s:327:4:333:Infinity":71,"s:336:2:336:Infinity":72,"f:339:22:339:36":13,"s:340:2:345:Infinity":73}}}
,"/Users/ryanlaubscher/Projects/ChipIn/src/lib/retention/retention.ts": {"path":"/Users/ryanlaubscher/Projects/ChipIn/src/lib/retention/retention.ts","statementMap":{"0":{"start":{"line":1,"column":38},"end":{"line":4,"column":null}},"1":{"start":{"line":6,"column":43},"end":{"line":6,"column":null}},"2":{"start":{"line":7,"column":38},"end":{"line":7,"column":null}},"3":{"start":{"line":9,"column":37},"end":{"line":9,"column":null}},"4":{"start":{"line":10,"column":42},"end":{"line":10,"column":null}},"5":{"start":{"line":12,"column":15},"end":{"line":12,"column":null}},"6":{"start":{"line":14,"column":35},"end":{"line":17,"column":null}},"7":{"start":{"line":14,"column":64},"end":{"line":17,"column":null}}},"fnMap":{"0":{"name":"(anonymous_0)","decl":{"start":{"line":14,"column":35},"end":{"line":14,"column":36}},"loc":{"start":{"line":14,"column":64},"end":{"line":17,"column":null}},"line":14}},"branchMap":{"0":{"loc":{"start":{"line":14,"column":36},"end":{"line":14,"column":64}},"type":"default-arg","locations":[{"start":{"line":14,"column":48},"end":{"line":14,"column":64}}],"line":14}},"s":{"0":1,"1":1,"2":1,"3":1,"4":1,"5":1,"6":1,"7":1},"f":{"0":1},"b":{"0":[1]},"meta":{"lastBranch":1,"lastFunction":1,"lastStatement":8,"seen":{"s:1:38:4:Infinity":0,"s:6:43:6:Infinity":1,"s:7:38:7:Infinity":2,"s:9:37:9:Infinity":3,"s:10:42:10:Infinity":4,"s:12:15:12:Infinity":5,"s:14:35:17:Infinity":6,"f:14:35:14:36":0,"s:14:64:17:Infinity":7,"b:14:48:14:64":0}}}
,"/Users/ryanlaubscher/Projects/ChipIn/src/lib/ui/copy.ts": {"path":"/Users/ryanlaubscher/Projects/ChipIn/src/lib/ui/copy.ts","statementMap":{"0":{"start":{"line":1,"column":22},"end":{"line":21,"column":null}}},"fnMap":{},"branchMap":{},"s":{"0":1},"f":{},"b":{},"meta":{"lastBranch":0,"lastFunction":0,"lastStatement":1,"seen":{"s:1:22:21:Infinity":0}}}
,"/Users/ryanlaubscher/Projects/ChipIn/src/lib/utils/encryption.ts": {"path":"/Users/ryanlaubscher/Projects/ChipIn/src/lib/utils/encryption.ts","statementMap":{"0":{"start":{"line":3,"column":18},"end":{"line":3,"column":null}},"1":{"start":{"line":4,"column":18},"end":{"line":4,"column":null}},"2":{"start":{"line":6,"column":25},"end":{"line":12,"column":null}},"3":{"start":{"line":7,"column":17},"end":{"line":7,"column":null}},"4":{"start":{"line":8,"column":2},"end":{"line":10,"column":null}},"5":{"start":{"line":9,"column":4},"end":{"line":9,"column":null}},"6":{"start":{"line":11,"column":2},"end":{"line":11,"column":null}},"7":{"start":{"line":14,"column":37},"end":{"line":22,"column":null}},"8":{"start":{"line":15,"column":14},"end":{"line":15,"column":null}},"9":{"start":{"line":16,"column":8},"end":{"line":16,"column":null}},"10":{"start":{"line":17,"column":8},"end":{"line":17,"column":null}},"11":{"start":{"line":18,"column":20},"end":{"line":18,"column":null}},"12":{"start":{"line":19,"column":14},"end":{"line":19,"column":null}},"13":{"start":{"line":21,"column":2},"end":{"line":21,"column":null}},"14":{"start":{"line":24,"column":37},"end":{"line":34,"column":null}},"15":{"start":{"line":25,"column":14},"end":{"line":25,"column":null}},"16":{"start":{"line":26,"column":17},"end":{"line":26,"column":null}},"17":{"start":{"line":27,"column":13},"end":{"line":27,"column":null}},"18":{"start":{"line":28,"column":14},"end":{"line":28,"column":null}},"19":{"start":{"line":29,"column":20},"end":{"line":29,"column":null}},"20":{"start":{"line":30,"column":8},"end":{"line":30,"column":null}},"21":{"start":{"line":31,"column":2},"end":{"line":31,"column":null}},"22":{"start":{"line":32,"column":20},"end":{"line":32,"column":null}},"23":{"start":{"line":33,"column":2},"end":{"line":33,"column":null}}},"fnMap":{"0":{"name":"(anonymous_0)","decl":{"start":{"line":6,"column":25},"end":{"line":6,"column":31}},"loc":{"start":{"line":6,"column":31},"end":{"line":12,"column":null}},"line":6},"1":{"name":"(anonymous_1)","decl":{"start":{"line":14,"column":37},"end":{"line":14,"column":38}},"loc":{"start":{"line":14,"column":56},"end":{"line":22,"column":null}},"line":14},"2":{"name":"(anonymous_2)","decl":{"start":{"line":24,"column":37},"end":{"line":24,"column":38}},"loc":{"start":{"line":24,"column":58},"end":{"line":34,"column":null}},"line":24}},"branchMap":{"0":{"loc":{"start":{"line":8,"column":2},"end":{"line":10,"column":null}},"type":"if","locations":[{"start":{"line":8,"column":2},"end":{"line":10,"column":null}},{"start":{},"end":{}}],"line":8}},"s":{"0":1,"1":1,"2":1,"3":3,"4":3,"5":1,"6":2,"7":1,"8":2,"9":2,"10":2,"11":2,"12":2,"13":2,"14":1,"15":1,"16":1,"17":1,"18":1,"19":1,"20":1,"21":1,"22":1,"23":1},"f":{"0":3,"1":2,"2":1},"b":{"0":[1,2]},"meta":{"lastBranch":1,"lastFunction":3,"lastStatement":24,"seen":{"s:3:18:3:Infinity":0,"s:4:18:4:Infinity":1,"s:6:25:12:Infinity":2,"f:6:25:6:31":0,"s:7:17:7:Infinity":3,"b:8:2:10:Infinity:undefined:undefined:undefined:undefined":0,"s:8:2:10:Infinity":4,"s:9:4:9:Infinity":5,"s:11:2:11:Infinity":6,"s:14:37:22:Infinity":7,"f:14:37:14:38":1,"s:15:14:15:Infinity":8,"s:16:8:16:Infinity":9,"s:17:8:17:Infinity":10,"s:18:20:18:Infinity":11,"s:19:14:19:Infinity":12,"s:21:2:21:Infinity":13,"s:24:37:34:Infinity":14,"f:24:37:24:38":2,"s:25:14:25:Infinity":15,"s:26:17:26:Infinity":16,"s:27:13:27:Infinity":17,"s:28:14:28:Infinity":18,"s:29:20:29:Infinity":19,"s:30:8:30:Infinity":20,"s:31:2:31:Infinity":21,"s:32:20:32:Infinity":22,"s:33:2:33:Infinity":23}}}
,"/Users/ryanlaubscher/Projects/ChipIn/src/lib/utils/ip.ts": {"path":"/Users/ryanlaubscher/Projects/ChipIn/src/lib/utils/ip.ts","statementMap":{"0":{"start":{"line":6,"column":14},"end":{"line":10,"column":null}},"1":{"start":{"line":7,"column":2},"end":{"line":10,"column":null}},"2":{"start":{"line":9,"column":19},"end":{"line":9,"column":31}},"3":{"start":{"line":10,"column":18},"end":{"line":10,"column":54}},"4":{"start":{"line":12,"column":18},"end":{"line":20,"column":null}},"5":{"start":{"line":13,"column":29},"end":{"line":13,"column":null}},"6":{"start":{"line":14,"column":15},"end":{"line":14,"column":null}},"7":{"start":{"line":15,"column":2},"end":{"line":17,"column":null}},"8":{"start":{"line":16,"column":4},"end":{"line":16,"column":null}},"9":{"start":{"line":18,"column":15},"end":{"line":18,"column":null}},"10":{"start":{"line":19,"column":2},"end":{"line":19,"column":null}},"11":{"start":{"line":22,"column":28},"end":{"line":37,"column":null}},"12":{"start":{"line":23,"column":2},"end":{"line":25,"column":null}},"13":{"start":{"line":24,"column":4},"end":{"line":24,"column":null}},"14":{"start":{"line":27,"column":18},"end":{"line":27,"column":null}},"15":{"start":{"line":28,"column":2},"end":{"line":36,"column":null}},"16":{"start":{"line":29,"column":4},"end":{"line":33,"column":null}},"17":{"start":{"line":30,"column":19},"end":{"line":30,"column":null}},"18":{"start":{"line":31,"column":6},"end":{"line":31,"column":null}},"19":{"start":{"line":31,"column":17},"end":{"line":31,"column":null}},"20":{"start":{"line":32,"column":6},"end":{"line":32,"column":null}},"21":{"start":{"line":35,"column":4},"end":{"line":35,"column":null}}},"fnMap":{"0":{"name":"(anonymous_0)","decl":{"start":{"line":6,"column":14},"end":{"line":6,"column":15}},"loc":{"start":{"line":7,"column":2},"end":{"line":10,"column":null}},"line":7},"1":{"name":"(anonymous_1)","decl":{"start":{"line":9,"column":9},"end":{"line":9,"column":10}},"loc":{"start":{"line":9,"column":19},"end":{"line":9,"column":31}},"line":9},"2":{"name":"(anonymous_2)","decl":{"start":{"line":10,"column":12},"end":{"line":10,"column":13}},"loc":{"start":{"line":10,"column":18},"end":{"line":10,"column":54}},"line":10},"3":{"name":"(anonymous_3)","decl":{"start":{"line":12,"column":18},"end":{"line":12,"column":19}},"loc":{"start":{"line":12,"column":54},"end":{"line":20,"column":null}},"line":12},"4":{"name":"(anonymous_4)","decl":{"start":{"line":22,"column":28},"end":{"line":22,"column":29}},"loc":{"start":{"line":22,"column":62},"end":{"line":37,"column":null}},"line":22},"5":{"name":"(anonymous_5)","decl":{"start":{"line":28,"column":21},"end":{"line":28,"column":22}},"loc":{"start":{"line":28,"column":32},"end":{"line":36,"column":3}},"line":28}},"branchMap":{"0":{"loc":{"start":{"line":15,"column":2},"end":{"line":17,"column":null}},"type":"if","locations":[{"start":{"line":15,"column":2},"end":{"line":17,"column":null}},{"start":{},"end":{}}],"line":15},"1":{"loc":{"start":{"line":15,"column":6},"end":{"line":15,"column":35}},"type":"binary-expr","locations":[{"start":{"line":15,"column":6},"end":{"line":15,"column":15}},{"start":{"line":15,"column":15},"end":{"line":15,"column":35}}],"line":15},"2":{"loc":{"start":{"line":18,"column":15},"end":{"line":18,"column":null}},"type":"cond-expr","locations":[{"start":{"line":18,"column":28},"end":{"line":18,"column":33}},{"start":{"line":18,"column":33},"end":{"line":18,"column":null}}],"line":18},"3":{"loc":{"start":{"line":23,"column":2},"end":{"line":25,"column":null}},"type":"if","locations":[{"start":{"line":23,"column":2},"end":{"line":25,"column":null}},{"start":{},"end":{}}],"line":23},"4":{"loc":{"start":{"line":23,"column":6},"end":{"line":23,"column":31}},"type":"binary-expr","locations":[{"start":{"line":23,"column":6},"end":{"line":23,"column":13}},{"start":{"line":23,"column":13},"end":{"line":23,"column":31}}],"line":23},"5":{"loc":{"start":{"line":29,"column":4},"end":{"line":33,"column":null}},"type":"if","locations":[{"start":{"line":29,"column":4},"end":{"line":33,"column":null}},{"start":{},"end":{}}],"line":29},"6":{"loc":{"start":{"line":31,"column":6},"end":{"line":31,"column":null}},"type":"if","locations":[{"start":{"line":31,"column":6},"end":{"line":31,"column":null}},{"start":{},"end":{}}],"line":31}},"s":{"0":6,"1":9,"2":36,"3":36,"4":6,"5":4,"6":4,"7":4,"8":1,"9":3,"10":4,"11":6,"12":8,"13":2,"14":6,"15":6,"16":7,"17":4,"18":4,"19":1,"20":3,"21":3},"f":{"0":9,"1":36,"2":36,"3":4,"4":8,"5":7},"b":{"0":[1,3],"1":[4,4],"2":[0,3],"3":[2,6],"4":[8,7],"5":[4,3],"6":[1,3]},"meta":{"lastBranch":7,"lastFunction":6,"lastStatement":22,"seen":{"s:6:14:10:Infinity":0,"f:6:14:6:15":0,"s:7:2:10:Infinity":1,"f:9:9:9:10":1,"s:9:19:9:31":2,"f:10:12:10:13":2,"s:10:18:10:54":3,"s:12:18:20:Infinity":4,"f:12:18:12:19":3,"s:13:29:13:Infinity":5,"s:14:15:14:Infinity":6,"b:15:2:17:Infinity:undefined:undefined:undefined:undefined":0,"s:15:2:17:Infinity":7,"b:15:6:15:15:15:15:15:35":1,"s:16:4:16:Infinity":8,"s:18:15:18:Infinity":9,"b:18:28:18:33:18:33:18:Infinity":2,"s:19:2:19:Infinity":10,"s:22:28:37:Infinity":11,"f:22:28:22:29":4,"b:23:2:25:Infinity:undefined:undefined:undefined:undefined":3,"s:23:2:25:Infinity":12,"b:23:6:23:13:23:13:23:31":4,"s:24:4:24:Infinity":13,"s:27:18:27:Infinity":14,"s:28:2:36:Infinity":15,"f:28:21:28:22":5,"b:29:4:33:Infinity:undefined:undefined:undefined:undefined":5,"s:29:4:33:Infinity":16,"s:30:19:30:Infinity":17,"b:31:6:31:Infinity:undefined:undefined:undefined:undefined":6,"s:31:6:31:Infinity":18,"s:31:17:31:Infinity":19,"s:32:6:32:Infinity":20,"s:35:4:35:Infinity":21}}}
,"/Users/ryanlaubscher/Projects/ChipIn/src/lib/utils/money.ts": {"path":"/Users/ryanlaubscher/Projects/ChipIn/src/lib/utils/money.ts","statementMap":{"0":{"start":{"line":1,"column":18},"end":{"line":6,"column":null}},"1":{"start":{"line":8,"column":27},"end":{"line":13,"column":null}},"2":{"start":{"line":16,"column":2},"end":{"line":16,"column":null}},"3":{"start":{"line":20,"column":2},"end":{"line":20,"column":null}}},"fnMap":{"0":{"name":"formatZar","decl":{"start":{"line":15,"column":16},"end":{"line":15,"column":26}},"loc":{"start":{"line":15,"column":47},"end":{"line":17,"column":null}},"line":15},"1":{"name":"formatZarWithCents","decl":{"start":{"line":19,"column":16},"end":{"line":19,"column":35}},"loc":{"start":{"line":19,"column":56},"end":{"line":21,"column":null}},"line":19}},"branchMap":{},"s":{"0":2,"1":2,"2":13,"3":0},"f":{"0":13,"1":0},"b":{},"meta":{"lastBranch":0,"lastFunction":2,"lastStatement":4,"seen":{"s:1:18:6:Infinity":0,"s:8:27:13:Infinity":1,"f:15:16:15:26":0,"s:16:2:16:Infinity":2,"f:19:16:19:35":1,"s:20:2:20:Infinity":3}}}
}
